2021-02-21 10:45:09,252 [Worker-4: Loading available Gradle versions] INFO  o.e.b.c.i.u.g.PublishedGradleVersions - Gradle version information cache is up-to-date. Trying to read.
2021-02-21 10:45:56,993 [Worker-5: Updating Maven Dependencies] INFO  o.e.m.c.i.l.LifecycleMappingFactory - Using org.eclipse.m2e.jdt.JarLifecycleMapping lifecycle mapping for MavenProject: com.example:spring-boot-couchbase-example:0.0.1-SNAPSHOT @ C:\Users\modhv\Desktop\Accolite\SAU-2021-Feb-Batch-1\5_NoSQL_morning\spring-boot-couchbase-assignment\spring-boot-couchbase-example\pom.xml.
2021-02-21 10:45:59,360 [Worker-6: Building workspace] INFO  o.e.m.c.i.l.LifecycleMappingFactory - Using org.eclipse.m2e.jdt.JarLifecycleMapping lifecycle mapping for MavenProject: com.example:spring-boot-couchbase-example:0.0.1-SNAPSHOT @ C:\Users\modhv\Desktop\Accolite\SAU-2021-Feb-Batch-1\5_NoSQL_morning\spring-boot-couchbase-assignment\spring-boot-couchbase-example\pom.xml.
2021-02-21 10:46:02,729 [Worker-6: Building workspace] INFO  o.e.m.c.i.embedder.EclipseLogger - Using 'UTF-8' encoding to copy filtered resources.
2021-02-21 10:46:02,729 [Worker-6: Building workspace] INFO  o.e.m.c.i.embedder.EclipseLogger - Using 'UTF-8' encoding to copy filtered properties files.
2021-02-21 10:46:02,734 [Worker-6: Building workspace] INFO  o.e.m.c.i.embedder.EclipseLogger - Copying 1 resource
2021-02-21 10:46:02,777 [Worker-6: Building workspace] INFO  o.e.m.c.i.embedder.EclipseLogger - Copying 0 resource
2021-02-21 10:46:02,778 [Worker-6: Building workspace] INFO  o.e.m.c.i.embedder.EclipseLogger - The encoding used to copy filtered properties files have not been set. This means that the same encoding will be used to copy filtered properties files as when copying other filtered resources. This might not be what you want! Run your build with --debug to see which files might be affected. Read more at https://maven.apache.org/plugins/maven-resources-plugin/examples/filtering-properties-files.html
2021-02-21 10:46:02,781 [Worker-6: Building workspace] INFO  o.e.m.c.i.embedder.EclipseLogger - Using 'UTF-8' encoding to copy filtered resources.
2021-02-21 10:46:02,781 [Worker-6: Building workspace] INFO  o.e.m.c.i.embedder.EclipseLogger - Using 'UTF-8' encoding to copy filtered properties files.
2021-02-21 10:46:02,781 [Worker-6: Building workspace] INFO  o.e.m.c.i.embedder.EclipseLogger - skip non existing resourceDirectory C:\Users\modhv\Desktop\Accolite\SAU-2021-Feb-Batch-1\5_NoSQL_morning\spring-boot-couchbase-assignment\spring-boot-couchbase-example\src\test\resources
2021-02-21 10:46:06,425 [Worker-15: Updating Maven Dependencies] INFO  o.e.m.c.i.l.LifecycleMappingFactory - Using org.eclipse.m2e.jdt.JarLifecycleMapping lifecycle mapping for MavenProject: com.example:spring-boot-couchbase-example:0.0.1-SNAPSHOT @ C:\Users\modhv\Desktop\Accolite\SAU-2021-Feb-Batch-1\5_NoSQL_morning\spring-boot-couchbase-assignment\spring-boot-couchbase-example\pom.xml.
2021-02-21 10:46:06,438 [Worker-13: Building workspace] INFO  o.e.m.c.i.embedder.EclipseLogger - Using 'UTF-8' encoding to copy filtered resources.
2021-02-21 10:46:06,439 [Worker-13: Building workspace] INFO  o.e.m.c.i.embedder.EclipseLogger - Using 'UTF-8' encoding to copy filtered properties files.
2021-02-21 10:46:06,445 [Worker-13: Building workspace] INFO  o.e.m.c.i.embedder.EclipseLogger - Copying 1 resource
2021-02-21 10:46:06,459 [Worker-13: Building workspace] INFO  o.e.m.c.i.embedder.EclipseLogger - Copying 0 resource
2021-02-21 10:46:06,459 [Worker-13: Building workspace] INFO  o.e.m.c.i.embedder.EclipseLogger - The encoding used to copy filtered properties files have not been set. This means that the same encoding will be used to copy filtered properties files as when copying other filtered resources. This might not be what you want! Run your build with --debug to see which files might be affected. Read more at https://maven.apache.org/plugins/maven-resources-plugin/examples/filtering-properties-files.html
2021-02-21 10:46:06,463 [Worker-13: Building workspace] INFO  o.e.m.c.i.embedder.EclipseLogger - Using 'UTF-8' encoding to copy filtered resources.
2021-02-21 10:46:06,463 [Worker-13: Building workspace] INFO  o.e.m.c.i.embedder.EclipseLogger - Using 'UTF-8' encoding to copy filtered properties files.
2021-02-21 10:46:06,463 [Worker-13: Building workspace] INFO  o.e.m.c.i.embedder.EclipseLogger - skip non existing resourceDirectory C:\Users\modhv\Desktop\Accolite\SAU-2021-Feb-Batch-1\5_NoSQL_morning\spring-boot-couchbase-assignment\spring-boot-couchbase-example\src\test\resources
2021-02-21 10:46:08,745 [Worker-16: Building workspace] INFO  o.e.m.c.i.embedder.EclipseLogger - Using 'UTF-8' encoding to copy filtered resources.
2021-02-21 10:46:08,745 [Worker-16: Building workspace] INFO  o.e.m.c.i.embedder.EclipseLogger - Using 'UTF-8' encoding to copy filtered properties files.
2021-02-21 10:46:08,746 [Worker-16: Building workspace] INFO  o.e.m.c.i.embedder.EclipseLogger - Copying 1 resource
2021-02-21 10:46:08,756 [Worker-16: Building workspace] INFO  o.e.m.c.i.embedder.EclipseLogger - Copying 0 resource
2021-02-21 10:46:08,757 [Worker-16: Building workspace] INFO  o.e.m.c.i.embedder.EclipseLogger - The encoding used to copy filtered properties files have not been set. This means that the same encoding will be used to copy filtered properties files as when copying other filtered resources. This might not be what you want! Run your build with --debug to see which files might be affected. Read more at https://maven.apache.org/plugins/maven-resources-plugin/examples/filtering-properties-files.html
2021-02-21 10:46:08,759 [Worker-16: Building workspace] INFO  o.e.m.c.i.embedder.EclipseLogger - Using 'UTF-8' encoding to copy filtered resources.
2021-02-21 10:46:08,759 [Worker-16: Building workspace] INFO  o.e.m.c.i.embedder.EclipseLogger - Using 'UTF-8' encoding to copy filtered properties files.
2021-02-21 10:46:08,759 [Worker-16: Building workspace] INFO  o.e.m.c.i.embedder.EclipseLogger - skip non existing resourceDirectory C:\Users\modhv\Desktop\Accolite\SAU-2021-Feb-Batch-1\5_NoSQL_morning\spring-boot-couchbase-assignment\spring-boot-couchbase-example\src\test\resources
2021-02-21 10:56:09,152 [Worker-22: Building workspace] INFO  o.e.m.c.i.embedder.EclipseLogger - Using 'UTF-8' encoding to copy filtered resources.
2021-02-21 10:56:09,153 [Worker-22: Building workspace] INFO  o.e.m.c.i.embedder.EclipseLogger - Using 'UTF-8' encoding to copy filtered properties files.
2021-02-21 10:56:09,154 [Worker-22: Building workspace] INFO  o.e.m.c.i.embedder.EclipseLogger - Copying 0 resource
2021-02-21 10:56:09,154 [Worker-22: Building workspace] INFO  o.e.m.c.i.embedder.EclipseLogger - Copying 0 resource
2021-02-21 10:56:09,158 [Worker-22: Building workspace] INFO  o.e.m.c.i.embedder.EclipseLogger - Using 'UTF-8' encoding to copy filtered resources.
2021-02-21 10:56:09,159 [Worker-22: Building workspace] INFO  o.e.m.c.i.embedder.EclipseLogger - Using 'UTF-8' encoding to copy filtered properties files.
2021-02-21 10:56:09,161 [Worker-22: Building workspace] INFO  o.e.m.c.i.embedder.EclipseLogger - skip non existing resourceDirectory C:\Users\modhv\Desktop\Accolite\SAU-2021-Feb-Batch-1\5_NoSQL_morning\spring-boot-couchbase-assignment\spring-boot-couchbase-example\src\test\resources
2021-02-21 10:56:52,733 [Worker-7: Building workspace] INFO  o.e.m.c.i.embedder.EclipseLogger - Using 'UTF-8' encoding to copy filtered resources.
2021-02-21 10:56:52,733 [Worker-7: Building workspace] INFO  o.e.m.c.i.embedder.EclipseLogger - Using 'UTF-8' encoding to copy filtered properties files.
2021-02-21 10:56:52,736 [Worker-7: Building workspace] INFO  o.e.m.c.i.embedder.EclipseLogger - Copying 1 resource
2021-02-21 10:56:52,844 [Worker-7: Building workspace] INFO  o.e.m.c.i.embedder.EclipseLogger - Copying 0 resource
2021-02-21 10:56:52,845 [Worker-7: Building workspace] INFO  o.e.m.c.i.embedder.EclipseLogger - The encoding used to copy filtered properties files have not been set. This means that the same encoding will be used to copy filtered properties files as when copying other filtered resources. This might not be what you want! Run your build with --debug to see which files might be affected. Read more at https://maven.apache.org/plugins/maven-resources-plugin/examples/filtering-properties-files.html
2021-02-21 10:56:52,848 [Worker-7: Building workspace] INFO  o.e.m.c.i.embedder.EclipseLogger - Using 'UTF-8' encoding to copy filtered resources.
2021-02-21 10:56:52,848 [Worker-7: Building workspace] INFO  o.e.m.c.i.embedder.EclipseLogger - Using 'UTF-8' encoding to copy filtered properties files.
2021-02-21 10:56:52,849 [Worker-7: Building workspace] INFO  o.e.m.c.i.embedder.EclipseLogger - skip non existing resourceDirectory C:\Users\modhv\Desktop\Accolite\SAU-2021-Feb-Batch-1\5_NoSQL_morning\spring-boot-couchbase-assignment\spring-boot-couchbase-example\src\test\resources
2021-02-21 11:39:29,450 [Worker-32: Building workspace] INFO  o.e.m.c.i.embedder.EclipseLogger - Using 'UTF-8' encoding to copy filtered resources.
2021-02-21 11:39:29,452 [Worker-32: Building workspace] INFO  o.e.m.c.i.embedder.EclipseLogger - Using 'UTF-8' encoding to copy filtered properties files.
2021-02-21 11:39:29,456 [Worker-32: Building workspace] INFO  o.e.m.c.i.embedder.EclipseLogger - Copying 1 resource
2021-02-21 11:39:29,638 [Worker-32: Building workspace] INFO  o.e.m.c.i.embedder.EclipseLogger - Copying 0 resource
2021-02-21 11:39:29,638 [Worker-32: Building workspace] INFO  o.e.m.c.i.embedder.EclipseLogger - The encoding used to copy filtered properties files have not been set. This means that the same encoding will be used to copy filtered properties files as when copying other filtered resources. This might not be what you want! Run your build with --debug to see which files might be affected. Read more at https://maven.apache.org/plugins/maven-resources-plugin/examples/filtering-properties-files.html
2021-02-21 11:39:29,644 [Worker-32: Building workspace] INFO  o.e.m.c.i.embedder.EclipseLogger - Using 'UTF-8' encoding to copy filtered resources.
2021-02-21 11:39:29,644 [Worker-32: Building workspace] INFO  o.e.m.c.i.embedder.EclipseLogger - Using 'UTF-8' encoding to copy filtered properties files.
2021-02-21 11:39:29,645 [Worker-32: Building workspace] INFO  o.e.m.c.i.embedder.EclipseLogger - skip non existing resourceDirectory C:\Users\modhv\Desktop\Accolite\SAU-2021-Feb-Batch-1\5_NoSQL_morning\spring-boot-couchbase-assignment\spring-boot-couchbase-example\src\test\resources
2021-02-21 11:45:58,838 [Worker-37: Building workspace] INFO  o.e.m.c.i.embedder.EclipseLogger - Using 'UTF-8' encoding to copy filtered resources.
2021-02-21 11:45:58,838 [Worker-37: Building workspace] INFO  o.e.m.c.i.embedder.EclipseLogger - Using 'UTF-8' encoding to copy filtered properties files.
2021-02-21 11:45:58,841 [Worker-37: Building workspace] INFO  o.e.m.c.i.embedder.EclipseLogger - Copying 1 resource
2021-02-21 11:45:58,902 [Worker-37: Building workspace] INFO  o.e.m.c.i.embedder.EclipseLogger - Copying 0 resource
2021-02-21 11:45:58,903 [Worker-37: Building workspace] INFO  o.e.m.c.i.embedder.EclipseLogger - The encoding used to copy filtered properties files have not been set. This means that the same encoding will be used to copy filtered properties files as when copying other filtered resources. This might not be what you want! Run your build with --debug to see which files might be affected. Read more at https://maven.apache.org/plugins/maven-resources-plugin/examples/filtering-properties-files.html
2021-02-21 11:45:58,906 [Worker-37: Building workspace] INFO  o.e.m.c.i.embedder.EclipseLogger - Using 'UTF-8' encoding to copy filtered resources.
2021-02-21 11:45:58,907 [Worker-37: Building workspace] INFO  o.e.m.c.i.embedder.EclipseLogger - Using 'UTF-8' encoding to copy filtered properties files.
2021-02-21 11:45:58,908 [Worker-37: Building workspace] INFO  o.e.m.c.i.embedder.EclipseLogger - skip non existing resourceDirectory C:\Users\modhv\Desktop\Accolite\SAU-2021-Feb-Batch-1\5_NoSQL_morning\spring-boot-couchbase-assignment\spring-boot-couchbase-example\src\test\resources
2021-02-21 11:50:05,838 [Worker-45: Building workspace] INFO  o.e.m.c.i.embedder.EclipseLogger - Using 'UTF-8' encoding to copy filtered resources.
2021-02-21 11:50:05,839 [Worker-45: Building workspace] INFO  o.e.m.c.i.embedder.EclipseLogger - Using 'UTF-8' encoding to copy filtered properties files.
2021-02-21 11:50:05,845 [Worker-45: Building workspace] INFO  o.e.m.c.i.embedder.EclipseLogger - Copying 1 resource
2021-02-21 11:50:05,867 [Worker-45: Building workspace] INFO  o.e.m.c.i.embedder.EclipseLogger - Copying 0 resource
2021-02-21 11:50:05,867 [Worker-45: Building workspace] INFO  o.e.m.c.i.embedder.EclipseLogger - The encoding used to copy filtered properties files have not been set. This means that the same encoding will be used to copy filtered properties files as when copying other filtered resources. This might not be what you want! Run your build with --debug to see which files might be affected. Read more at https://maven.apache.org/plugins/maven-resources-plugin/examples/filtering-properties-files.html
2021-02-21 11:50:05,872 [Worker-45: Building workspace] INFO  o.e.m.c.i.embedder.EclipseLogger - Using 'UTF-8' encoding to copy filtered resources.
2021-02-21 11:50:05,872 [Worker-45: Building workspace] INFO  o.e.m.c.i.embedder.EclipseLogger - Using 'UTF-8' encoding to copy filtered properties files.
2021-02-21 11:50:05,873 [Worker-45: Building workspace] INFO  o.e.m.c.i.embedder.EclipseLogger - skip non existing resourceDirectory C:\Users\modhv\Desktop\Accolite\SAU-2021-Feb-Batch-1\5_NoSQL_morning\spring-boot-couchbase-assignment\spring-boot-couchbase-example\src\test\resources
2021-02-21 11:56:33,793 [Worker-32: Building workspace] INFO  o.e.m.c.i.embedder.EclipseLogger - Using 'UTF-8' encoding to copy filtered resources.
2021-02-21 11:56:33,795 [Worker-32: Building workspace] INFO  o.e.m.c.i.embedder.EclipseLogger - Using 'UTF-8' encoding to copy filtered properties files.
2021-02-21 11:56:33,797 [Worker-32: Building workspace] INFO  o.e.m.c.i.embedder.EclipseLogger - Copying 1 resource
2021-02-21 11:56:33,846 [Worker-32: Building workspace] INFO  o.e.m.c.i.embedder.EclipseLogger - Copying 0 resource
2021-02-21 11:56:33,847 [Worker-32: Building workspace] INFO  o.e.m.c.i.embedder.EclipseLogger - The encoding used to copy filtered properties files have not been set. This means that the same encoding will be used to copy filtered properties files as when copying other filtered resources. This might not be what you want! Run your build with --debug to see which files might be affected. Read more at https://maven.apache.org/plugins/maven-resources-plugin/examples/filtering-properties-files.html
2021-02-21 11:56:33,850 [Worker-32: Building workspace] INFO  o.e.m.c.i.embedder.EclipseLogger - Using 'UTF-8' encoding to copy filtered resources.
2021-02-21 11:56:33,850 [Worker-32: Building workspace] INFO  o.e.m.c.i.embedder.EclipseLogger - Using 'UTF-8' encoding to copy filtered properties files.
2021-02-21 11:56:33,850 [Worker-32: Building workspace] INFO  o.e.m.c.i.embedder.EclipseLogger - skip non existing resourceDirectory C:\Users\modhv\Desktop\Accolite\SAU-2021-Feb-Batch-1\5_NoSQL_morning\spring-boot-couchbase-assignment\spring-boot-couchbase-example\src\test\resources
2021-02-21 12:04:07,964 [Worker-49: Building workspace] INFO  o.e.m.c.i.embedder.EclipseLogger - Using 'UTF-8' encoding to copy filtered resources.
2021-02-21 12:04:07,964 [Worker-49: Building workspace] INFO  o.e.m.c.i.embedder.EclipseLogger - Using 'UTF-8' encoding to copy filtered properties files.
2021-02-21 12:04:07,965 [Worker-49: Building workspace] INFO  o.e.m.c.i.embedder.EclipseLogger - Copying 1 resource
2021-02-21 12:04:07,980 [Worker-49: Building workspace] INFO  o.e.m.c.i.embedder.EclipseLogger - Copying 0 resource
2021-02-21 12:04:07,980 [Worker-49: Building workspace] INFO  o.e.m.c.i.embedder.EclipseLogger - The encoding used to copy filtered properties files have not been set. This means that the same encoding will be used to copy filtered properties files as when copying other filtered resources. This might not be what you want! Run your build with --debug to see which files might be affected. Read more at https://maven.apache.org/plugins/maven-resources-plugin/examples/filtering-properties-files.html
2021-02-21 12:04:07,984 [Worker-49: Building workspace] INFO  o.e.m.c.i.embedder.EclipseLogger - Using 'UTF-8' encoding to copy filtered resources.
2021-02-21 12:04:07,985 [Worker-49: Building workspace] INFO  o.e.m.c.i.embedder.EclipseLogger - Using 'UTF-8' encoding to copy filtered properties files.
2021-02-21 12:04:07,985 [Worker-49: Building workspace] INFO  o.e.m.c.i.embedder.EclipseLogger - skip non existing resourceDirectory C:\Users\modhv\Desktop\Accolite\SAU-2021-Feb-Batch-1\5_NoSQL_morning\spring-boot-couchbase-assignment\spring-boot-couchbase-example\src\test\resources
2021-02-21 12:04:18,312 [Worker-32: Building workspace] INFO  o.e.m.c.i.embedder.EclipseLogger - Using 'UTF-8' encoding to copy filtered resources.
2021-02-21 12:04:18,313 [Worker-32: Building workspace] INFO  o.e.m.c.i.embedder.EclipseLogger - Using 'UTF-8' encoding to copy filtered properties files.
2021-02-21 12:04:18,315 [Worker-32: Building workspace] INFO  o.e.m.c.i.embedder.EclipseLogger - Copying 1 resource
2021-02-21 12:04:18,341 [Worker-32: Building workspace] INFO  o.e.m.c.i.embedder.EclipseLogger - Copying 0 resource
2021-02-21 12:04:18,341 [Worker-32: Building workspace] INFO  o.e.m.c.i.embedder.EclipseLogger - The encoding used to copy filtered properties files have not been set. This means that the same encoding will be used to copy filtered properties files as when copying other filtered resources. This might not be what you want! Run your build with --debug to see which files might be affected. Read more at https://maven.apache.org/plugins/maven-resources-plugin/examples/filtering-properties-files.html
2021-02-21 12:04:18,345 [Worker-32: Building workspace] INFO  o.e.m.c.i.embedder.EclipseLogger - Using 'UTF-8' encoding to copy filtered resources.
2021-02-21 12:04:18,345 [Worker-32: Building workspace] INFO  o.e.m.c.i.embedder.EclipseLogger - Using 'UTF-8' encoding to copy filtered properties files.
2021-02-21 12:04:18,345 [Worker-32: Building workspace] INFO  o.e.m.c.i.embedder.EclipseLogger - skip non existing resourceDirectory C:\Users\modhv\Desktop\Accolite\SAU-2021-Feb-Batch-1\5_NoSQL_morning\spring-boot-couchbase-assignment\spring-boot-couchbase-example\src\test\resources
2021-02-21 12:04:23,881 [Worker-40: Building workspace] INFO  o.e.m.c.i.embedder.EclipseLogger - Using 'UTF-8' encoding to copy filtered resources.
2021-02-21 12:04:23,881 [Worker-40: Building workspace] INFO  o.e.m.c.i.embedder.EclipseLogger - Using 'UTF-8' encoding to copy filtered properties files.
2021-02-21 12:04:23,883 [Worker-40: Building workspace] INFO  o.e.m.c.i.embedder.EclipseLogger - Copying 1 resource
2021-02-21 12:04:23,911 [Worker-40: Building workspace] INFO  o.e.m.c.i.embedder.EclipseLogger - Copying 0 resource
2021-02-21 12:04:23,912 [Worker-40: Building workspace] INFO  o.e.m.c.i.embedder.EclipseLogger - The encoding used to copy filtered properties files have not been set. This means that the same encoding will be used to copy filtered properties files as when copying other filtered resources. This might not be what you want! Run your build with --debug to see which files might be affected. Read more at https://maven.apache.org/plugins/maven-resources-plugin/examples/filtering-properties-files.html
2021-02-21 12:04:23,916 [Worker-40: Building workspace] INFO  o.e.m.c.i.embedder.EclipseLogger - Using 'UTF-8' encoding to copy filtered resources.
2021-02-21 12:04:23,916 [Worker-40: Building workspace] INFO  o.e.m.c.i.embedder.EclipseLogger - Using 'UTF-8' encoding to copy filtered properties files.
2021-02-21 12:04:23,917 [Worker-40: Building workspace] INFO  o.e.m.c.i.embedder.EclipseLogger - skip non existing resourceDirectory C:\Users\modhv\Desktop\Accolite\SAU-2021-Feb-Batch-1\5_NoSQL_morning\spring-boot-couchbase-assignment\spring-boot-couchbase-example\src\test\resources
2021-02-21 12:04:28,020 [Worker-40: Building workspace] INFO  o.e.m.c.i.embedder.EclipseLogger - Using 'UTF-8' encoding to copy filtered resources.
2021-02-21 12:04:28,021 [Worker-40: Building workspace] INFO  o.e.m.c.i.embedder.EclipseLogger - Using 'UTF-8' encoding to copy filtered properties files.
2021-02-21 12:04:28,024 [Worker-40: Building workspace] INFO  o.e.m.c.i.embedder.EclipseLogger - Copying 1 resource
2021-02-21 12:04:28,033 [Worker-40: Building workspace] INFO  o.e.m.c.i.embedder.EclipseLogger - Copying 0 resource
2021-02-21 12:04:28,034 [Worker-40: Building workspace] INFO  o.e.m.c.i.embedder.EclipseLogger - The encoding used to copy filtered properties files have not been set. This means that the same encoding will be used to copy filtered properties files as when copying other filtered resources. This might not be what you want! Run your build with --debug to see which files might be affected. Read more at https://maven.apache.org/plugins/maven-resources-plugin/examples/filtering-properties-files.html
2021-02-21 12:04:28,041 [Worker-40: Building workspace] INFO  o.e.m.c.i.embedder.EclipseLogger - Using 'UTF-8' encoding to copy filtered resources.
2021-02-21 12:04:28,041 [Worker-40: Building workspace] INFO  o.e.m.c.i.embedder.EclipseLogger - Using 'UTF-8' encoding to copy filtered properties files.
2021-02-21 12:04:28,041 [Worker-40: Building workspace] INFO  o.e.m.c.i.embedder.EclipseLogger - skip non existing resourceDirectory C:\Users\modhv\Desktop\Accolite\SAU-2021-Feb-Batch-1\5_NoSQL_morning\spring-boot-couchbase-assignment\spring-boot-couchbase-example\src\test\resources
2021-02-21 13:34:20,607 [Worker-58: Building workspace] INFO  o.e.m.c.i.embedder.EclipseLogger - Using 'UTF-8' encoding to copy filtered resources.
2021-02-21 13:34:20,609 [Worker-58: Building workspace] INFO  o.e.m.c.i.embedder.EclipseLogger - Using 'UTF-8' encoding to copy filtered properties files.
2021-02-21 13:34:20,611 [Worker-58: Building workspace] INFO  o.e.m.c.i.embedder.EclipseLogger - Copying 1 resource
2021-02-21 13:34:20,796 [Worker-58: Building workspace] INFO  o.e.m.c.i.embedder.EclipseLogger - Copying 0 resource
2021-02-21 13:34:20,797 [Worker-58: Building workspace] INFO  o.e.m.c.i.embedder.EclipseLogger - The encoding used to copy filtered properties files have not been set. This means that the same encoding will be used to copy filtered properties files as when copying other filtered resources. This might not be what you want! Run your build with --debug to see which files might be affected. Read more at https://maven.apache.org/plugins/maven-resources-plugin/examples/filtering-properties-files.html
2021-02-21 13:34:20,821 [Worker-58: Building workspace] INFO  o.e.m.c.i.embedder.EclipseLogger - Using 'UTF-8' encoding to copy filtered resources.
2021-02-21 13:34:20,821 [Worker-58: Building workspace] INFO  o.e.m.c.i.embedder.EclipseLogger - Using 'UTF-8' encoding to copy filtered properties files.
2021-02-21 13:34:20,821 [Worker-58: Building workspace] INFO  o.e.m.c.i.embedder.EclipseLogger - skip non existing resourceDirectory C:\Users\modhv\Desktop\Accolite\SAU-2021-Feb-Batch-1\5_NoSQL_morning\spring-boot-couchbase-assignment\spring-boot-couchbase-example\src\test\resources
2021-02-21 13:34:24,247 [Worker-32: Building workspace] INFO  o.e.m.c.i.embedder.EclipseLogger - Using 'UTF-8' encoding to copy filtered resources.
2021-02-21 13:34:24,248 [Worker-32: Building workspace] INFO  o.e.m.c.i.embedder.EclipseLogger - Using 'UTF-8' encoding to copy filtered properties files.
2021-02-21 13:34:24,250 [Worker-32: Building workspace] INFO  o.e.m.c.i.embedder.EclipseLogger - Copying 1 resource
2021-02-21 13:34:24,282 [Worker-32: Building workspace] INFO  o.e.m.c.i.embedder.EclipseLogger - Copying 0 resource
2021-02-21 13:34:24,282 [Worker-32: Building workspace] INFO  o.e.m.c.i.embedder.EclipseLogger - The encoding used to copy filtered properties files have not been set. This means that the same encoding will be used to copy filtered properties files as when copying other filtered resources. This might not be what you want! Run your build with --debug to see which files might be affected. Read more at https://maven.apache.org/plugins/maven-resources-plugin/examples/filtering-properties-files.html
2021-02-21 13:34:24,286 [Worker-32: Building workspace] INFO  o.e.m.c.i.embedder.EclipseLogger - Using 'UTF-8' encoding to copy filtered resources.
2021-02-21 13:34:24,286 [Worker-32: Building workspace] INFO  o.e.m.c.i.embedder.EclipseLogger - Using 'UTF-8' encoding to copy filtered properties files.
2021-02-21 13:34:24,286 [Worker-32: Building workspace] INFO  o.e.m.c.i.embedder.EclipseLogger - skip non existing resourceDirectory C:\Users\modhv\Desktop\Accolite\SAU-2021-Feb-Batch-1\5_NoSQL_morning\spring-boot-couchbase-assignment\spring-boot-couchbase-example\src\test\resources
2021-02-21 13:51:05,225 [Worker-64: Launching SpringBootCouchbaseExampleApplication] INFO  o.e.m.c.i.embedder.EclipseLogger - Using 'UTF-8' encoding to copy filtered resources.
2021-02-21 13:51:05,225 [Worker-64: Launching SpringBootCouchbaseExampleApplication] INFO  o.e.m.c.i.embedder.EclipseLogger - Using 'UTF-8' encoding to copy filtered properties files.
2021-02-21 13:51:05,227 [Worker-64: Launching SpringBootCouchbaseExampleApplication] INFO  o.e.m.c.i.embedder.EclipseLogger - Copying 1 resource
2021-02-21 13:51:05,264 [Worker-64: Launching SpringBootCouchbaseExampleApplication] INFO  o.e.m.c.i.embedder.EclipseLogger - Copying 0 resource
2021-02-21 13:51:05,264 [Worker-64: Launching SpringBootCouchbaseExampleApplication] INFO  o.e.m.c.i.embedder.EclipseLogger - The encoding used to copy filtered properties files have not been set. This means that the same encoding will be used to copy filtered properties files as when copying other filtered resources. This might not be what you want! Run your build with --debug to see which files might be affected. Read more at https://maven.apache.org/plugins/maven-resources-plugin/examples/filtering-properties-files.html
2021-02-21 13:51:05,269 [Worker-64: Launching SpringBootCouchbaseExampleApplication] INFO  o.e.m.c.i.embedder.EclipseLogger - Using 'UTF-8' encoding to copy filtered resources.
2021-02-21 13:51:05,269 [Worker-64: Launching SpringBootCouchbaseExampleApplication] INFO  o.e.m.c.i.embedder.EclipseLogger - Using 'UTF-8' encoding to copy filtered properties files.
2021-02-21 13:51:05,270 [Worker-64: Launching SpringBootCouchbaseExampleApplication] INFO  o.e.m.c.i.embedder.EclipseLogger - skip non existing resourceDirectory C:\Users\modhv\Desktop\Accolite\SAU-2021-Feb-Batch-1\5_NoSQL_morning\spring-boot-couchbase-assignment\spring-boot-couchbase-example\src\test\resources
2021-02-21 13:57:25,387 [Worker-68: Building workspace] INFO  o.e.m.c.i.embedder.EclipseLogger - Using 'UTF-8' encoding to copy filtered resources.
2021-02-21 13:57:25,388 [Worker-68: Building workspace] INFO  o.e.m.c.i.embedder.EclipseLogger - Using 'UTF-8' encoding to copy filtered properties files.
2021-02-21 13:57:25,391 [Worker-68: Building workspace] INFO  o.e.m.c.i.embedder.EclipseLogger - Copying 1 resource
2021-02-21 13:57:25,427 [Worker-68: Building workspace] INFO  o.e.m.c.i.embedder.EclipseLogger - Copying 0 resource
2021-02-21 13:57:25,428 [Worker-68: Building workspace] INFO  o.e.m.c.i.embedder.EclipseLogger - The encoding used to copy filtered properties files have not been set. This means that the same encoding will be used to copy filtered properties files as when copying other filtered resources. This might not be what you want! Run your build with --debug to see which files might be affected. Read more at https://maven.apache.org/plugins/maven-resources-plugin/examples/filtering-properties-files.html
2021-02-21 13:57:25,432 [Worker-68: Building workspace] INFO  o.e.m.c.i.embedder.EclipseLogger - Using 'UTF-8' encoding to copy filtered resources.
2021-02-21 13:57:25,432 [Worker-68: Building workspace] INFO  o.e.m.c.i.embedder.EclipseLogger - Using 'UTF-8' encoding to copy filtered properties files.
2021-02-21 13:57:25,432 [Worker-68: Building workspace] INFO  o.e.m.c.i.embedder.EclipseLogger - skip non existing resourceDirectory C:\Users\modhv\Desktop\Accolite\SAU-2021-Feb-Batch-1\5_NoSQL_morning\spring-boot-couchbase-assignment\spring-boot-couchbase-example\src\test\resources
2021-02-21 14:00:57,290 [Worker-62: Launching SpringBootCouchbaseExampleApplication] INFO  o.e.m.c.i.embedder.EclipseLogger - Using 'UTF-8' encoding to copy filtered resources.
2021-02-21 14:00:57,290 [Worker-62: Launching SpringBootCouchbaseExampleApplication] INFO  o.e.m.c.i.embedder.EclipseLogger - Using 'UTF-8' encoding to copy filtered properties files.
2021-02-21 14:00:57,292 [Worker-62: Launching SpringBootCouchbaseExampleApplication] INFO  o.e.m.c.i.embedder.EclipseLogger - Copying 1 resource
2021-02-21 14:00:57,305 [Worker-62: Launching SpringBootCouchbaseExampleApplication] INFO  o.e.m.c.i.embedder.EclipseLogger - Copying 0 resource
2021-02-21 14:00:57,305 [Worker-62: Launching SpringBootCouchbaseExampleApplication] INFO  o.e.m.c.i.embedder.EclipseLogger - The encoding used to copy filtered properties files have not been set. This means that the same encoding will be used to copy filtered properties files as when copying other filtered resources. This might not be what you want! Run your build with --debug to see which files might be affected. Read more at https://maven.apache.org/plugins/maven-resources-plugin/examples/filtering-properties-files.html
2021-02-21 14:00:57,308 [Worker-62: Launching SpringBootCouchbaseExampleApplication] INFO  o.e.m.c.i.embedder.EclipseLogger - Using 'UTF-8' encoding to copy filtered resources.
2021-02-21 14:00:57,308 [Worker-62: Launching SpringBootCouchbaseExampleApplication] INFO  o.e.m.c.i.embedder.EclipseLogger - Using 'UTF-8' encoding to copy filtered properties files.
2021-02-21 14:00:57,308 [Worker-62: Launching SpringBootCouchbaseExampleApplication] INFO  o.e.m.c.i.embedder.EclipseLogger - skip non existing resourceDirectory C:\Users\modhv\Desktop\Accolite\SAU-2021-Feb-Batch-1\5_NoSQL_morning\spring-boot-couchbase-assignment\spring-boot-couchbase-example\src\test\resources
2021-02-21 14:06:19,577 [Worker-66: Building workspace] INFO  o.e.m.c.i.embedder.EclipseLogger - Using 'UTF-8' encoding to copy filtered resources.
2021-02-21 14:06:19,577 [Worker-66: Building workspace] INFO  o.e.m.c.i.embedder.EclipseLogger - Using 'UTF-8' encoding to copy filtered properties files.
2021-02-21 14:06:19,579 [Worker-66: Building workspace] INFO  o.e.m.c.i.embedder.EclipseLogger - Copying 1 resource
2021-02-21 14:06:19,697 [Worker-66: Building workspace] INFO  o.e.m.c.i.embedder.EclipseLogger - Copying 0 resource
2021-02-21 14:06:19,697 [Worker-66: Building workspace] INFO  o.e.m.c.i.embedder.EclipseLogger - The encoding used to copy filtered properties files have not been set. This means that the same encoding will be used to copy filtered properties files as when copying other filtered resources. This might not be what you want! Run your build with --debug to see which files might be affected. Read more at https://maven.apache.org/plugins/maven-resources-plugin/examples/filtering-properties-files.html
2021-02-21 14:06:19,700 [Worker-66: Building workspace] INFO  o.e.m.c.i.embedder.EclipseLogger - Using 'UTF-8' encoding to copy filtered resources.
2021-02-21 14:06:19,700 [Worker-66: Building workspace] INFO  o.e.m.c.i.embedder.EclipseLogger - Using 'UTF-8' encoding to copy filtered properties files.
2021-02-21 14:06:19,700 [Worker-66: Building workspace] INFO  o.e.m.c.i.embedder.EclipseLogger - skip non existing resourceDirectory C:\Users\modhv\Desktop\Accolite\SAU-2021-Feb-Batch-1\5_NoSQL_morning\spring-boot-couchbase-assignment\spring-boot-couchbase-example\src\test\resources
2021-02-21 14:08:15,621 [Worker-72: Launching SpringBootCouchbaseExampleApplication] INFO  o.e.m.c.i.embedder.EclipseLogger - Using 'UTF-8' encoding to copy filtered resources.
2021-02-21 14:08:15,621 [Worker-72: Launching SpringBootCouchbaseExampleApplication] INFO  o.e.m.c.i.embedder.EclipseLogger - Using 'UTF-8' encoding to copy filtered properties files.
2021-02-21 14:08:15,624 [Worker-72: Launching SpringBootCouchbaseExampleApplication] INFO  o.e.m.c.i.embedder.EclipseLogger - Copying 1 resource
2021-02-21 14:08:15,641 [Worker-72: Launching SpringBootCouchbaseExampleApplication] INFO  o.e.m.c.i.embedder.EclipseLogger - Copying 0 resource
2021-02-21 14:08:15,641 [Worker-72: Launching SpringBootCouchbaseExampleApplication] INFO  o.e.m.c.i.embedder.EclipseLogger - The encoding used to copy filtered properties files have not been set. This means that the same encoding will be used to copy filtered properties files as when copying other filtered resources. This might not be what you want! Run your build with --debug to see which files might be affected. Read more at https://maven.apache.org/plugins/maven-resources-plugin/examples/filtering-properties-files.html
2021-02-21 14:08:15,645 [Worker-72: Launching SpringBootCouchbaseExampleApplication] INFO  o.e.m.c.i.embedder.EclipseLogger - Using 'UTF-8' encoding to copy filtered resources.
2021-02-21 14:08:15,645 [Worker-72: Launching SpringBootCouchbaseExampleApplication] INFO  o.e.m.c.i.embedder.EclipseLogger - Using 'UTF-8' encoding to copy filtered properties files.
2021-02-21 14:08:15,645 [Worker-72: Launching SpringBootCouchbaseExampleApplication] INFO  o.e.m.c.i.embedder.EclipseLogger - skip non existing resourceDirectory C:\Users\modhv\Desktop\Accolite\SAU-2021-Feb-Batch-1\5_NoSQL_morning\spring-boot-couchbase-assignment\spring-boot-couchbase-example\src\test\resources
2021-02-21 14:12:36,695 [Worker-75: Launching SpringBootCouchbaseExampleApplication] INFO  o.e.m.c.i.embedder.EclipseLogger - Using 'UTF-8' encoding to copy filtered resources.
2021-02-21 14:12:36,696 [Worker-75: Launching SpringBootCouchbaseExampleApplication] INFO  o.e.m.c.i.embedder.EclipseLogger - Using 'UTF-8' encoding to copy filtered properties files.
2021-02-21 14:12:36,697 [Worker-75: Launching SpringBootCouchbaseExampleApplication] INFO  o.e.m.c.i.embedder.EclipseLogger - Copying 1 resource
2021-02-21 14:12:36,709 [Worker-75: Launching SpringBootCouchbaseExampleApplication] INFO  o.e.m.c.i.embedder.EclipseLogger - Copying 0 resource
2021-02-21 14:12:36,709 [Worker-75: Launching SpringBootCouchbaseExampleApplication] INFO  o.e.m.c.i.embedder.EclipseLogger - The encoding used to copy filtered properties files have not been set. This means that the same encoding will be used to copy filtered properties files as when copying other filtered resources. This might not be what you want! Run your build with --debug to see which files might be affected. Read more at https://maven.apache.org/plugins/maven-resources-plugin/examples/filtering-properties-files.html
2021-02-21 14:12:36,713 [Worker-75: Launching SpringBootCouchbaseExampleApplication] INFO  o.e.m.c.i.embedder.EclipseLogger - Using 'UTF-8' encoding to copy filtered resources.
2021-02-21 14:12:36,713 [Worker-75: Launching SpringBootCouchbaseExampleApplication] INFO  o.e.m.c.i.embedder.EclipseLogger - Using 'UTF-8' encoding to copy filtered properties files.
2021-02-21 14:12:36,713 [Worker-75: Launching SpringBootCouchbaseExampleApplication] INFO  o.e.m.c.i.embedder.EclipseLogger - skip non existing resourceDirectory C:\Users\modhv\Desktop\Accolite\SAU-2021-Feb-Batch-1\5_NoSQL_morning\spring-boot-couchbase-assignment\spring-boot-couchbase-example\src\test\resources
2021-02-21 14:14:14,779 [Worker-75: Launching SpringBootCouchbaseExampleApplication] INFO  o.e.m.c.i.embedder.EclipseLogger - Using 'UTF-8' encoding to copy filtered resources.
2021-02-21 14:14:14,780 [Worker-75: Launching SpringBootCouchbaseExampleApplication] INFO  o.e.m.c.i.embedder.EclipseLogger - Using 'UTF-8' encoding to copy filtered properties files.
2021-02-21 14:14:14,781 [Worker-75: Launching SpringBootCouchbaseExampleApplication] INFO  o.e.m.c.i.embedder.EclipseLogger - Copying 1 resource
2021-02-21 14:14:14,825 [Worker-75: Launching SpringBootCouchbaseExampleApplication] INFO  o.e.m.c.i.embedder.EclipseLogger - Copying 0 resource
2021-02-21 14:14:14,826 [Worker-75: Launching SpringBootCouchbaseExampleApplication] INFO  o.e.m.c.i.embedder.EclipseLogger - The encoding used to copy filtered properties files have not been set. This means that the same encoding will be used to copy filtered properties files as when copying other filtered resources. This might not be what you want! Run your build with --debug to see which files might be affected. Read more at https://maven.apache.org/plugins/maven-resources-plugin/examples/filtering-properties-files.html
2021-02-21 14:14:14,829 [Worker-75: Launching SpringBootCouchbaseExampleApplication] INFO  o.e.m.c.i.embedder.EclipseLogger - Using 'UTF-8' encoding to copy filtered resources.
2021-02-21 14:14:14,829 [Worker-75: Launching SpringBootCouchbaseExampleApplication] INFO  o.e.m.c.i.embedder.EclipseLogger - Using 'UTF-8' encoding to copy filtered properties files.
2021-02-21 14:14:14,829 [Worker-75: Launching SpringBootCouchbaseExampleApplication] INFO  o.e.m.c.i.embedder.EclipseLogger - skip non existing resourceDirectory C:\Users\modhv\Desktop\Accolite\SAU-2021-Feb-Batch-1\5_NoSQL_morning\spring-boot-couchbase-assignment\spring-boot-couchbase-example\src\test\resources
2021-02-21 14:19:12,467 [Worker-74: Launching SpringBootCouchbaseExampleApplication] INFO  o.e.m.c.i.embedder.EclipseLogger - Using 'UTF-8' encoding to copy filtered resources.
2021-02-21 14:19:12,468 [Worker-74: Launching SpringBootCouchbaseExampleApplication] INFO  o.e.m.c.i.embedder.EclipseLogger - Using 'UTF-8' encoding to copy filtered properties files.
2021-02-21 14:19:12,472 [Worker-74: Launching SpringBootCouchbaseExampleApplication] INFO  o.e.m.c.i.embedder.EclipseLogger - Copying 1 resource
2021-02-21 14:19:12,487 [Worker-74: Launching SpringBootCouchbaseExampleApplication] INFO  o.e.m.c.i.embedder.EclipseLogger - Copying 0 resource
2021-02-21 14:19:12,488 [Worker-74: Launching SpringBootCouchbaseExampleApplication] INFO  o.e.m.c.i.embedder.EclipseLogger - The encoding used to copy filtered properties files have not been set. This means that the same encoding will be used to copy filtered properties files as when copying other filtered resources. This might not be what you want! Run your build with --debug to see which files might be affected. Read more at https://maven.apache.org/plugins/maven-resources-plugin/examples/filtering-properties-files.html
2021-02-21 14:19:12,495 [Worker-74: Launching SpringBootCouchbaseExampleApplication] INFO  o.e.m.c.i.embedder.EclipseLogger - Using 'UTF-8' encoding to copy filtered resources.
2021-02-21 14:19:12,495 [Worker-74: Launching SpringBootCouchbaseExampleApplication] INFO  o.e.m.c.i.embedder.EclipseLogger - Using 'UTF-8' encoding to copy filtered properties files.
2021-02-21 14:19:12,495 [Worker-74: Launching SpringBootCouchbaseExampleApplication] INFO  o.e.m.c.i.embedder.EclipseLogger - skip non existing resourceDirectory C:\Users\modhv\Desktop\Accolite\SAU-2021-Feb-Batch-1\5_NoSQL_morning\spring-boot-couchbase-assignment\spring-boot-couchbase-example\src\test\resources
2021-02-21 14:23:16,382 [Worker-79: Launching SpringBootCouchbaseExampleApplication] INFO  o.e.m.c.i.embedder.EclipseLogger - Using 'UTF-8' encoding to copy filtered resources.
2021-02-21 14:23:16,383 [Worker-79: Launching SpringBootCouchbaseExampleApplication] INFO  o.e.m.c.i.embedder.EclipseLogger - Using 'UTF-8' encoding to copy filtered properties files.
2021-02-21 14:23:16,385 [Worker-79: Launching SpringBootCouchbaseExampleApplication] INFO  o.e.m.c.i.embedder.EclipseLogger - Copying 1 resource
2021-02-21 14:23:16,421 [Worker-79: Launching SpringBootCouchbaseExampleApplication] INFO  o.e.m.c.i.embedder.EclipseLogger - Copying 0 resource
2021-02-21 14:23:16,421 [Worker-79: Launching SpringBootCouchbaseExampleApplication] INFO  o.e.m.c.i.embedder.EclipseLogger - The encoding used to copy filtered properties files have not been set. This means that the same encoding will be used to copy filtered properties files as when copying other filtered resources. This might not be what you want! Run your build with --debug to see which files might be affected. Read more at https://maven.apache.org/plugins/maven-resources-plugin/examples/filtering-properties-files.html
2021-02-21 14:23:16,425 [Worker-79: Launching SpringBootCouchbaseExampleApplication] INFO  o.e.m.c.i.embedder.EclipseLogger - Using 'UTF-8' encoding to copy filtered resources.
2021-02-21 14:23:16,425 [Worker-79: Launching SpringBootCouchbaseExampleApplication] INFO  o.e.m.c.i.embedder.EclipseLogger - Using 'UTF-8' encoding to copy filtered properties files.
2021-02-21 14:23:16,425 [Worker-79: Launching SpringBootCouchbaseExampleApplication] INFO  o.e.m.c.i.embedder.EclipseLogger - skip non existing resourceDirectory C:\Users\modhv\Desktop\Accolite\SAU-2021-Feb-Batch-1\5_NoSQL_morning\spring-boot-couchbase-assignment\spring-boot-couchbase-example\src\test\resources
2021-02-21 14:31:22,784 [Worker-84: Launching SpringBootCouchbaseExampleApplication] INFO  o.e.m.c.i.embedder.EclipseLogger - Using 'UTF-8' encoding to copy filtered resources.
2021-02-21 14:31:22,785 [Worker-84: Launching SpringBootCouchbaseExampleApplication] INFO  o.e.m.c.i.embedder.EclipseLogger - Using 'UTF-8' encoding to copy filtered properties files.
2021-02-21 14:31:22,786 [Worker-84: Launching SpringBootCouchbaseExampleApplication] INFO  o.e.m.c.i.embedder.EclipseLogger - Copying 1 resource
2021-02-21 14:31:22,796 [Worker-84: Launching SpringBootCouchbaseExampleApplication] INFO  o.e.m.c.i.embedder.EclipseLogger - Copying 0 resource
2021-02-21 14:31:22,796 [Worker-84: Launching SpringBootCouchbaseExampleApplication] INFO  o.e.m.c.i.embedder.EclipseLogger - The encoding used to copy filtered properties files have not been set. This means that the same encoding will be used to copy filtered properties files as when copying other filtered resources. This might not be what you want! Run your build with --debug to see which files might be affected. Read more at https://maven.apache.org/plugins/maven-resources-plugin/examples/filtering-properties-files.html
2021-02-21 14:31:22,799 [Worker-84: Launching SpringBootCouchbaseExampleApplication] INFO  o.e.m.c.i.embedder.EclipseLogger - Using 'UTF-8' encoding to copy filtered resources.
2021-02-21 14:31:22,799 [Worker-84: Launching SpringBootCouchbaseExampleApplication] INFO  o.e.m.c.i.embedder.EclipseLogger - Using 'UTF-8' encoding to copy filtered properties files.
2021-02-21 14:31:22,799 [Worker-84: Launching SpringBootCouchbaseExampleApplication] INFO  o.e.m.c.i.embedder.EclipseLogger - skip non existing resourceDirectory C:\Users\modhv\Desktop\Accolite\SAU-2021-Feb-Batch-1\5_NoSQL_morning\spring-boot-couchbase-assignment\spring-boot-couchbase-example\src\test\resources
2021-02-21 14:34:09,369 [Worker-86: Launching SpringBootCouchbaseExampleApplication] INFO  o.e.m.c.i.embedder.EclipseLogger - Using 'UTF-8' encoding to copy filtered resources.
2021-02-21 14:34:09,369 [Worker-86: Launching SpringBootCouchbaseExampleApplication] INFO  o.e.m.c.i.embedder.EclipseLogger - Using 'UTF-8' encoding to copy filtered properties files.
2021-02-21 14:34:09,371 [Worker-86: Launching SpringBootCouchbaseExampleApplication] INFO  o.e.m.c.i.embedder.EclipseLogger - Copying 1 resource
2021-02-21 14:34:09,387 [Worker-86: Launching SpringBootCouchbaseExampleApplication] INFO  o.e.m.c.i.embedder.EclipseLogger - Copying 0 resource
2021-02-21 14:34:09,387 [Worker-86: Launching SpringBootCouchbaseExampleApplication] INFO  o.e.m.c.i.embedder.EclipseLogger - The encoding used to copy filtered properties files have not been set. This means that the same encoding will be used to copy filtered properties files as when copying other filtered resources. This might not be what you want! Run your build with --debug to see which files might be affected. Read more at https://maven.apache.org/plugins/maven-resources-plugin/examples/filtering-properties-files.html
2021-02-21 14:34:09,393 [Worker-86: Launching SpringBootCouchbaseExampleApplication] INFO  o.e.m.c.i.embedder.EclipseLogger - Using 'UTF-8' encoding to copy filtered resources.
2021-02-21 14:34:09,393 [Worker-86: Launching SpringBootCouchbaseExampleApplication] INFO  o.e.m.c.i.embedder.EclipseLogger - Using 'UTF-8' encoding to copy filtered properties files.
2021-02-21 14:34:09,393 [Worker-86: Launching SpringBootCouchbaseExampleApplication] INFO  o.e.m.c.i.embedder.EclipseLogger - skip non existing resourceDirectory C:\Users\modhv\Desktop\Accolite\SAU-2021-Feb-Batch-1\5_NoSQL_morning\spring-boot-couchbase-assignment\spring-boot-couchbase-example\src\test\resources
2021-02-21 14:37:23,759 [Worker-84: Launching SpringBootCouchbaseExampleApplication] INFO  o.e.m.c.i.embedder.EclipseLogger - Using 'UTF-8' encoding to copy filtered resources.
2021-02-21 14:37:23,759 [Worker-84: Launching SpringBootCouchbaseExampleApplication] INFO  o.e.m.c.i.embedder.EclipseLogger - Using 'UTF-8' encoding to copy filtered properties files.
2021-02-21 14:37:23,761 [Worker-84: Launching SpringBootCouchbaseExampleApplication] INFO  o.e.m.c.i.embedder.EclipseLogger - Copying 1 resource
2021-02-21 14:37:23,787 [Worker-84: Launching SpringBootCouchbaseExampleApplication] INFO  o.e.m.c.i.embedder.EclipseLogger - Copying 0 resource
2021-02-21 14:37:23,787 [Worker-84: Launching SpringBootCouchbaseExampleApplication] INFO  o.e.m.c.i.embedder.EclipseLogger - The encoding used to copy filtered properties files have not been set. This means that the same encoding will be used to copy filtered properties files as when copying other filtered resources. This might not be what you want! Run your build with --debug to see which files might be affected. Read more at https://maven.apache.org/plugins/maven-resources-plugin/examples/filtering-properties-files.html
2021-02-21 14:37:23,789 [Worker-84: Launching SpringBootCouchbaseExampleApplication] INFO  o.e.m.c.i.embedder.EclipseLogger - Using 'UTF-8' encoding to copy filtered resources.
2021-02-21 14:37:23,789 [Worker-84: Launching SpringBootCouchbaseExampleApplication] INFO  o.e.m.c.i.embedder.EclipseLogger - Using 'UTF-8' encoding to copy filtered properties files.
2021-02-21 14:37:23,790 [Worker-84: Launching SpringBootCouchbaseExampleApplication] INFO  o.e.m.c.i.embedder.EclipseLogger - skip non existing resourceDirectory C:\Users\modhv\Desktop\Accolite\SAU-2021-Feb-Batch-1\5_NoSQL_morning\spring-boot-couchbase-assignment\spring-boot-couchbase-example\src\test\resources
2021-02-21 14:38:54,434 [Worker-86: Launching SpringBootCouchbaseExampleApplication] INFO  o.e.m.c.i.embedder.EclipseLogger - Using 'UTF-8' encoding to copy filtered resources.
2021-02-21 14:38:54,435 [Worker-86: Launching SpringBootCouchbaseExampleApplication] INFO  o.e.m.c.i.embedder.EclipseLogger - Using 'UTF-8' encoding to copy filtered properties files.
2021-02-21 14:38:54,437 [Worker-86: Launching SpringBootCouchbaseExampleApplication] INFO  o.e.m.c.i.embedder.EclipseLogger - Copying 1 resource
2021-02-21 14:38:54,465 [Worker-86: Launching SpringBootCouchbaseExampleApplication] INFO  o.e.m.c.i.embedder.EclipseLogger - Copying 0 resource
2021-02-21 14:38:54,466 [Worker-86: Launching SpringBootCouchbaseExampleApplication] INFO  o.e.m.c.i.embedder.EclipseLogger - The encoding used to copy filtered properties files have not been set. This means that the same encoding will be used to copy filtered properties files as when copying other filtered resources. This might not be what you want! Run your build with --debug to see which files might be affected. Read more at https://maven.apache.org/plugins/maven-resources-plugin/examples/filtering-properties-files.html
2021-02-21 14:38:54,468 [Worker-86: Launching SpringBootCouchbaseExampleApplication] INFO  o.e.m.c.i.embedder.EclipseLogger - Using 'UTF-8' encoding to copy filtered resources.
2021-02-21 14:38:54,468 [Worker-86: Launching SpringBootCouchbaseExampleApplication] INFO  o.e.m.c.i.embedder.EclipseLogger - Using 'UTF-8' encoding to copy filtered properties files.
2021-02-21 14:38:54,471 [Worker-86: Launching SpringBootCouchbaseExampleApplication] INFO  o.e.m.c.i.embedder.EclipseLogger - skip non existing resourceDirectory C:\Users\modhv\Desktop\Accolite\SAU-2021-Feb-Batch-1\5_NoSQL_morning\spring-boot-couchbase-assignment\spring-boot-couchbase-example\src\test\resources
2021-02-21 14:42:24,013 [Worker-85: Building workspace] INFO  o.e.m.c.i.embedder.EclipseLogger - Using 'UTF-8' encoding to copy filtered resources.
2021-02-21 14:42:24,013 [Worker-85: Building workspace] INFO  o.e.m.c.i.embedder.EclipseLogger - Using 'UTF-8' encoding to copy filtered properties files.
2021-02-21 14:42:24,014 [Worker-85: Building workspace] INFO  o.e.m.c.i.embedder.EclipseLogger - Copying 1 resource
2021-02-21 14:42:24,031 [Worker-85: Building workspace] INFO  o.e.m.c.i.embedder.EclipseLogger - Copying 0 resource
2021-02-21 14:42:24,031 [Worker-85: Building workspace] INFO  o.e.m.c.i.embedder.EclipseLogger - The encoding used to copy filtered properties files have not been set. This means that the same encoding will be used to copy filtered properties files as when copying other filtered resources. This might not be what you want! Run your build with --debug to see which files might be affected. Read more at https://maven.apache.org/plugins/maven-resources-plugin/examples/filtering-properties-files.html
2021-02-21 14:42:24,033 [Worker-85: Building workspace] INFO  o.e.m.c.i.embedder.EclipseLogger - Using 'UTF-8' encoding to copy filtered resources.
2021-02-21 14:42:24,034 [Worker-85: Building workspace] INFO  o.e.m.c.i.embedder.EclipseLogger - Using 'UTF-8' encoding to copy filtered properties files.
2021-02-21 14:42:24,034 [Worker-85: Building workspace] INFO  o.e.m.c.i.embedder.EclipseLogger - skip non existing resourceDirectory C:\Users\modhv\Desktop\Accolite\SAU-2021-Feb-Batch-1\5_NoSQL_morning\spring-boot-couchbase-assignment\spring-boot-couchbase-example\src\test\resources
2021-02-21 14:42:30,913 [Worker-90: Building workspace] INFO  o.e.m.c.i.embedder.EclipseLogger - Using 'UTF-8' encoding to copy filtered resources.
2021-02-21 14:42:30,913 [Worker-90: Building workspace] INFO  o.e.m.c.i.embedder.EclipseLogger - Using 'UTF-8' encoding to copy filtered properties files.
2021-02-21 14:42:30,915 [Worker-90: Building workspace] INFO  o.e.m.c.i.embedder.EclipseLogger - Copying 1 resource
2021-02-21 14:42:30,930 [Worker-90: Building workspace] INFO  o.e.m.c.i.embedder.EclipseLogger - Copying 0 resource
2021-02-21 14:42:30,930 [Worker-90: Building workspace] INFO  o.e.m.c.i.embedder.EclipseLogger - The encoding used to copy filtered properties files have not been set. This means that the same encoding will be used to copy filtered properties files as when copying other filtered resources. This might not be what you want! Run your build with --debug to see which files might be affected. Read more at https://maven.apache.org/plugins/maven-resources-plugin/examples/filtering-properties-files.html
2021-02-21 14:42:30,933 [Worker-90: Building workspace] INFO  o.e.m.c.i.embedder.EclipseLogger - Using 'UTF-8' encoding to copy filtered resources.
2021-02-21 14:42:30,934 [Worker-90: Building workspace] INFO  o.e.m.c.i.embedder.EclipseLogger - Using 'UTF-8' encoding to copy filtered properties files.
2021-02-21 14:42:30,934 [Worker-90: Building workspace] INFO  o.e.m.c.i.embedder.EclipseLogger - skip non existing resourceDirectory C:\Users\modhv\Desktop\Accolite\SAU-2021-Feb-Batch-1\5_NoSQL_morning\spring-boot-couchbase-assignment\spring-boot-couchbase-example\src\test\resources
2021-02-21 14:51:55,615 [Worker-90: Building workspace] INFO  o.e.m.c.i.embedder.EclipseLogger - Using 'UTF-8' encoding to copy filtered resources.
2021-02-21 14:51:55,616 [Worker-90: Building workspace] INFO  o.e.m.c.i.embedder.EclipseLogger - Using 'UTF-8' encoding to copy filtered properties files.
2021-02-21 14:51:55,619 [Worker-90: Building workspace] INFO  o.e.m.c.i.embedder.EclipseLogger - Copying 1 resource
2021-02-21 14:51:55,634 [Worker-90: Building workspace] INFO  o.e.m.c.i.embedder.EclipseLogger - Copying 0 resource
2021-02-21 14:51:55,634 [Worker-90: Building workspace] INFO  o.e.m.c.i.embedder.EclipseLogger - The encoding used to copy filtered properties files have not been set. This means that the same encoding will be used to copy filtered properties files as when copying other filtered resources. This might not be what you want! Run your build with --debug to see which files might be affected. Read more at https://maven.apache.org/plugins/maven-resources-plugin/examples/filtering-properties-files.html
2021-02-21 14:51:55,640 [Worker-90: Building workspace] INFO  o.e.m.c.i.embedder.EclipseLogger - Using 'UTF-8' encoding to copy filtered resources.
2021-02-21 14:51:55,640 [Worker-90: Building workspace] INFO  o.e.m.c.i.embedder.EclipseLogger - Using 'UTF-8' encoding to copy filtered properties files.
2021-02-21 14:51:55,641 [Worker-90: Building workspace] INFO  o.e.m.c.i.embedder.EclipseLogger - skip non existing resourceDirectory C:\Users\modhv\Desktop\Accolite\SAU-2021-Feb-Batch-1\5_NoSQL_morning\spring-boot-couchbase-assignment\spring-boot-couchbase-example\src\test\resources
2021-02-21 15:35:28,563 [Worker-10: Launching SpringBootCouchbaseExampleApplication] INFO  o.e.m.c.i.embedder.EclipseLogger - Using 'UTF-8' encoding to copy filtered resources.
2021-02-21 15:35:28,564 [Worker-10: Launching SpringBootCouchbaseExampleApplication] INFO  o.e.m.c.i.embedder.EclipseLogger - Using 'UTF-8' encoding to copy filtered properties files.
2021-02-21 15:35:28,566 [Worker-10: Launching SpringBootCouchbaseExampleApplication] INFO  o.e.m.c.i.embedder.EclipseLogger - Copying 1 resource
2021-02-21 15:35:28,602 [Worker-10: Launching SpringBootCouchbaseExampleApplication] INFO  o.e.m.c.i.embedder.EclipseLogger - Copying 0 resource
2021-02-21 15:35:28,603 [Worker-10: Launching SpringBootCouchbaseExampleApplication] INFO  o.e.m.c.i.embedder.EclipseLogger - The encoding used to copy filtered properties files have not been set. This means that the same encoding will be used to copy filtered properties files as when copying other filtered resources. This might not be what you want! Run your build with --debug to see which files might be affected. Read more at https://maven.apache.org/plugins/maven-resources-plugin/examples/filtering-properties-files.html
2021-02-21 15:35:28,605 [Worker-10: Launching SpringBootCouchbaseExampleApplication] INFO  o.e.m.c.i.embedder.EclipseLogger - Using 'UTF-8' encoding to copy filtered resources.
2021-02-21 15:35:28,605 [Worker-10: Launching SpringBootCouchbaseExampleApplication] INFO  o.e.m.c.i.embedder.EclipseLogger - Using 'UTF-8' encoding to copy filtered properties files.
2021-02-21 15:35:28,605 [Worker-10: Launching SpringBootCouchbaseExampleApplication] INFO  o.e.m.c.i.embedder.EclipseLogger - skip non existing resourceDirectory C:\Users\modhv\Desktop\Accolite\SAU-2021-Feb-Batch-1\5_NoSQL_morning\spring-boot-couchbase-assignment\spring-boot-couchbase-example\src\test\resources
2021-02-21 15:37:56,638 [Worker-98: Launching SpringBootCouchbaseExampleApplication] INFO  o.e.m.c.i.embedder.EclipseLogger - Using 'UTF-8' encoding to copy filtered resources.
2021-02-21 15:37:56,639 [Worker-98: Launching SpringBootCouchbaseExampleApplication] INFO  o.e.m.c.i.embedder.EclipseLogger - Using 'UTF-8' encoding to copy filtered properties files.
2021-02-21 15:37:56,640 [Worker-98: Launching SpringBootCouchbaseExampleApplication] INFO  o.e.m.c.i.embedder.EclipseLogger - Copying 1 resource
2021-02-21 15:37:56,649 [Worker-98: Launching SpringBootCouchbaseExampleApplication] INFO  o.e.m.c.i.embedder.EclipseLogger - Copying 0 resource
2021-02-21 15:37:56,649 [Worker-98: Launching SpringBootCouchbaseExampleApplication] INFO  o.e.m.c.i.embedder.EclipseLogger - The encoding used to copy filtered properties files have not been set. This means that the same encoding will be used to copy filtered properties files as when copying other filtered resources. This might not be what you want! Run your build with --debug to see which files might be affected. Read more at https://maven.apache.org/plugins/maven-resources-plugin/examples/filtering-properties-files.html
2021-02-21 15:37:56,650 [Worker-98: Launching SpringBootCouchbaseExampleApplication] INFO  o.e.m.c.i.embedder.EclipseLogger - Using 'UTF-8' encoding to copy filtered resources.
2021-02-21 15:37:56,651 [Worker-98: Launching SpringBootCouchbaseExampleApplication] INFO  o.e.m.c.i.embedder.EclipseLogger - Using 'UTF-8' encoding to copy filtered properties files.
2021-02-21 15:37:56,651 [Worker-98: Launching SpringBootCouchbaseExampleApplication] INFO  o.e.m.c.i.embedder.EclipseLogger - skip non existing resourceDirectory C:\Users\modhv\Desktop\Accolite\SAU-2021-Feb-Batch-1\5_NoSQL_morning\spring-boot-couchbase-assignment\spring-boot-couchbase-example\src\test\resources
2021-02-21 18:25:58,938 [Worker-151: Building workspace] INFO  o.e.m.c.i.embedder.EclipseLogger - Using 'UTF-8' encoding to copy filtered resources.
2021-02-21 18:25:58,940 [Worker-151: Building workspace] INFO  o.e.m.c.i.embedder.EclipseLogger - Using 'UTF-8' encoding to copy filtered properties files.
2021-02-21 18:25:58,943 [Worker-151: Building workspace] INFO  o.e.m.c.i.embedder.EclipseLogger - Copying 1 resource
2021-02-21 18:25:59,165 [Worker-151: Building workspace] INFO  o.e.m.c.i.embedder.EclipseLogger - Copying 0 resource
2021-02-21 18:25:59,166 [Worker-151: Building workspace] INFO  o.e.m.c.i.embedder.EclipseLogger - The encoding used to copy filtered properties files have not been set. This means that the same encoding will be used to copy filtered properties files as when copying other filtered resources. This might not be what you want! Run your build with --debug to see which files might be affected. Read more at https://maven.apache.org/plugins/maven-resources-plugin/examples/filtering-properties-files.html
2021-02-21 18:25:59,173 [Worker-151: Building workspace] INFO  o.e.m.c.i.embedder.EclipseLogger - Using 'UTF-8' encoding to copy filtered resources.
2021-02-21 18:25:59,174 [Worker-151: Building workspace] INFO  o.e.m.c.i.embedder.EclipseLogger - Using 'UTF-8' encoding to copy filtered properties files.
2021-02-21 18:25:59,181 [Worker-151: Building workspace] INFO  o.e.m.c.i.embedder.EclipseLogger - skip non existing resourceDirectory C:\Users\modhv\Desktop\Accolite\SAU-2021-Feb-Batch-1\5_NoSQL_morning\spring-boot-couchbase-assignment\spring-boot-couchbase-example\src\test\resources
2021-02-21 18:30:12,001 [Worker-156: Building workspace] INFO  o.e.m.c.i.embedder.EclipseLogger - Using 'UTF-8' encoding to copy filtered resources.
2021-02-21 18:30:12,012 [Worker-156: Building workspace] INFO  o.e.m.c.i.embedder.EclipseLogger - Using 'UTF-8' encoding to copy filtered properties files.
2021-02-21 18:30:12,019 [Worker-156: Building workspace] INFO  o.e.m.c.i.embedder.EclipseLogger - Copying 1 resource
2021-02-21 18:30:12,077 [Worker-156: Building workspace] INFO  o.e.m.c.i.embedder.EclipseLogger - Copying 0 resource
2021-02-21 18:30:12,077 [Worker-156: Building workspace] INFO  o.e.m.c.i.embedder.EclipseLogger - The encoding used to copy filtered properties files have not been set. This means that the same encoding will be used to copy filtered properties files as when copying other filtered resources. This might not be what you want! Run your build with --debug to see which files might be affected. Read more at https://maven.apache.org/plugins/maven-resources-plugin/examples/filtering-properties-files.html
2021-02-21 18:30:12,083 [Worker-156: Building workspace] INFO  o.e.m.c.i.embedder.EclipseLogger - Using 'UTF-8' encoding to copy filtered resources.
2021-02-21 18:30:12,084 [Worker-156: Building workspace] INFO  o.e.m.c.i.embedder.EclipseLogger - Using 'UTF-8' encoding to copy filtered properties files.
2021-02-21 18:30:12,085 [Worker-156: Building workspace] INFO  o.e.m.c.i.embedder.EclipseLogger - skip non existing resourceDirectory C:\Users\modhv\Desktop\Accolite\SAU-2021-Feb-Batch-1\5_NoSQL_morning\spring-boot-couchbase-assignment\spring-boot-couchbase-example\src\test\resources
2021-02-21 18:35:43,952 [Worker-151: Building workspace] INFO  o.e.m.c.i.embedder.EclipseLogger - Using 'UTF-8' encoding to copy filtered resources.
2021-02-21 18:35:43,952 [Worker-151: Building workspace] INFO  o.e.m.c.i.embedder.EclipseLogger - Using 'UTF-8' encoding to copy filtered properties files.
2021-02-21 18:35:43,954 [Worker-151: Building workspace] INFO  o.e.m.c.i.embedder.EclipseLogger - Copying 1 resource
2021-02-21 18:35:43,966 [Worker-151: Building workspace] INFO  o.e.m.c.i.embedder.EclipseLogger - Copying 0 resource
2021-02-21 18:35:43,967 [Worker-151: Building workspace] INFO  o.e.m.c.i.embedder.EclipseLogger - The encoding used to copy filtered properties files have not been set. This means that the same encoding will be used to copy filtered properties files as when copying other filtered resources. This might not be what you want! Run your build with --debug to see which files might be affected. Read more at https://maven.apache.org/plugins/maven-resources-plugin/examples/filtering-properties-files.html
2021-02-21 18:35:43,973 [Worker-151: Building workspace] INFO  o.e.m.c.i.embedder.EclipseLogger - Using 'UTF-8' encoding to copy filtered resources.
2021-02-21 18:35:43,973 [Worker-151: Building workspace] INFO  o.e.m.c.i.embedder.EclipseLogger - Using 'UTF-8' encoding to copy filtered properties files.
2021-02-21 18:35:43,973 [Worker-151: Building workspace] INFO  o.e.m.c.i.embedder.EclipseLogger - skip non existing resourceDirectory C:\Users\modhv\Desktop\Accolite\SAU-2021-Feb-Batch-1\5_NoSQL_morning\spring-boot-couchbase-assignment\spring-boot-couchbase-example\src\test\resources
2021-02-21 18:35:51,252 [Worker-159: Building workspace] INFO  o.e.m.c.i.embedder.EclipseLogger - Using 'UTF-8' encoding to copy filtered resources.
2021-02-21 18:35:51,252 [Worker-159: Building workspace] INFO  o.e.m.c.i.embedder.EclipseLogger - Using 'UTF-8' encoding to copy filtered properties files.
2021-02-21 18:35:51,254 [Worker-159: Building workspace] INFO  o.e.m.c.i.embedder.EclipseLogger - Copying 1 resource
2021-02-21 18:35:51,263 [Worker-159: Building workspace] INFO  o.e.m.c.i.embedder.EclipseLogger - Copying 0 resource
2021-02-21 18:35:51,263 [Worker-159: Building workspace] INFO  o.e.m.c.i.embedder.EclipseLogger - The encoding used to copy filtered properties files have not been set. This means that the same encoding will be used to copy filtered properties files as when copying other filtered resources. This might not be what you want! Run your build with --debug to see which files might be affected. Read more at https://maven.apache.org/plugins/maven-resources-plugin/examples/filtering-properties-files.html
2021-02-21 18:35:51,265 [Worker-159: Building workspace] INFO  o.e.m.c.i.embedder.EclipseLogger - Using 'UTF-8' encoding to copy filtered resources.
2021-02-21 18:35:51,265 [Worker-159: Building workspace] INFO  o.e.m.c.i.embedder.EclipseLogger - Using 'UTF-8' encoding to copy filtered properties files.
2021-02-21 18:35:51,266 [Worker-159: Building workspace] INFO  o.e.m.c.i.embedder.EclipseLogger - skip non existing resourceDirectory C:\Users\modhv\Desktop\Accolite\SAU-2021-Feb-Batch-1\5_NoSQL_morning\spring-boot-couchbase-assignment\spring-boot-couchbase-example\src\test\resources
2021-02-21 18:37:06,929 [Worker-159: Building workspace] INFO  o.e.m.c.i.embedder.EclipseLogger - Using 'UTF-8' encoding to copy filtered resources.
2021-02-21 18:37:06,930 [Worker-159: Building workspace] INFO  o.e.m.c.i.embedder.EclipseLogger - Using 'UTF-8' encoding to copy filtered properties files.
2021-02-21 18:37:06,932 [Worker-159: Building workspace] INFO  o.e.m.c.i.embedder.EclipseLogger - Copying 1 resource
2021-02-21 18:37:06,946 [Worker-159: Building workspace] INFO  o.e.m.c.i.embedder.EclipseLogger - Copying 0 resource
2021-02-21 18:37:06,947 [Worker-159: Building workspace] INFO  o.e.m.c.i.embedder.EclipseLogger - The encoding used to copy filtered properties files have not been set. This means that the same encoding will be used to copy filtered properties files as when copying other filtered resources. This might not be what you want! Run your build with --debug to see which files might be affected. Read more at https://maven.apache.org/plugins/maven-resources-plugin/examples/filtering-properties-files.html
2021-02-21 18:37:06,950 [Worker-159: Building workspace] INFO  o.e.m.c.i.embedder.EclipseLogger - Using 'UTF-8' encoding to copy filtered resources.
2021-02-21 18:37:06,950 [Worker-159: Building workspace] INFO  o.e.m.c.i.embedder.EclipseLogger - Using 'UTF-8' encoding to copy filtered properties files.
2021-02-21 18:37:06,950 [Worker-159: Building workspace] INFO  o.e.m.c.i.embedder.EclipseLogger - skip non existing resourceDirectory C:\Users\modhv\Desktop\Accolite\SAU-2021-Feb-Batch-1\5_NoSQL_morning\spring-boot-couchbase-assignment\spring-boot-couchbase-example\src\test\resources
2021-02-21 18:37:11,097 [Worker-163: Building workspace] INFO  o.e.m.c.i.embedder.EclipseLogger - Using 'UTF-8' encoding to copy filtered resources.
2021-02-21 18:37:11,097 [Worker-163: Building workspace] INFO  o.e.m.c.i.embedder.EclipseLogger - Using 'UTF-8' encoding to copy filtered properties files.
2021-02-21 18:37:11,098 [Worker-163: Building workspace] INFO  o.e.m.c.i.embedder.EclipseLogger - Copying 1 resource
2021-02-21 18:37:11,106 [Worker-163: Building workspace] INFO  o.e.m.c.i.embedder.EclipseLogger - Copying 0 resource
2021-02-21 18:37:11,106 [Worker-163: Building workspace] INFO  o.e.m.c.i.embedder.EclipseLogger - The encoding used to copy filtered properties files have not been set. This means that the same encoding will be used to copy filtered properties files as when copying other filtered resources. This might not be what you want! Run your build with --debug to see which files might be affected. Read more at https://maven.apache.org/plugins/maven-resources-plugin/examples/filtering-properties-files.html
2021-02-21 18:37:11,109 [Worker-163: Building workspace] INFO  o.e.m.c.i.embedder.EclipseLogger - Using 'UTF-8' encoding to copy filtered resources.
2021-02-21 18:37:11,109 [Worker-163: Building workspace] INFO  o.e.m.c.i.embedder.EclipseLogger - Using 'UTF-8' encoding to copy filtered properties files.
2021-02-21 18:37:11,109 [Worker-163: Building workspace] INFO  o.e.m.c.i.embedder.EclipseLogger - skip non existing resourceDirectory C:\Users\modhv\Desktop\Accolite\SAU-2021-Feb-Batch-1\5_NoSQL_morning\spring-boot-couchbase-assignment\spring-boot-couchbase-example\src\test\resources
2021-02-21 19:10:26,556 [Worker-177: Building workspace] INFO  o.e.m.c.i.embedder.EclipseLogger - Using 'UTF-8' encoding to copy filtered resources.
2021-02-21 19:10:26,561 [Worker-177: Building workspace] INFO  o.e.m.c.i.embedder.EclipseLogger - Using 'UTF-8' encoding to copy filtered properties files.
2021-02-21 19:10:26,567 [Worker-177: Building workspace] INFO  o.e.m.c.i.embedder.EclipseLogger - Copying 1 resource
2021-02-21 19:10:26,711 [Worker-177: Building workspace] INFO  o.e.m.c.i.embedder.EclipseLogger - Copying 0 resource
2021-02-21 19:10:26,711 [Worker-177: Building workspace] INFO  o.e.m.c.i.embedder.EclipseLogger - The encoding used to copy filtered properties files have not been set. This means that the same encoding will be used to copy filtered properties files as when copying other filtered resources. This might not be what you want! Run your build with --debug to see which files might be affected. Read more at https://maven.apache.org/plugins/maven-resources-plugin/examples/filtering-properties-files.html
2021-02-21 19:10:26,715 [Worker-177: Building workspace] INFO  o.e.m.c.i.embedder.EclipseLogger - Using 'UTF-8' encoding to copy filtered resources.
2021-02-21 19:10:26,715 [Worker-177: Building workspace] INFO  o.e.m.c.i.embedder.EclipseLogger - Using 'UTF-8' encoding to copy filtered properties files.
2021-02-21 19:10:26,715 [Worker-177: Building workspace] INFO  o.e.m.c.i.embedder.EclipseLogger - skip non existing resourceDirectory C:\Users\modhv\Desktop\Accolite\SAU-2021-Feb-Batch-1\5_NoSQL_morning\spring-boot-couchbase-assignment\spring-boot-couchbase-example\src\test\resources
2021-02-21 19:10:33,295 [Worker-178: Building workspace] INFO  o.e.m.c.i.embedder.EclipseLogger - Using 'UTF-8' encoding to copy filtered resources.
2021-02-21 19:10:33,295 [Worker-178: Building workspace] INFO  o.e.m.c.i.embedder.EclipseLogger - Using 'UTF-8' encoding to copy filtered properties files.
2021-02-21 19:10:33,297 [Worker-178: Building workspace] INFO  o.e.m.c.i.embedder.EclipseLogger - Copying 1 resource
2021-02-21 19:10:33,332 [Worker-178: Building workspace] INFO  o.e.m.c.i.embedder.EclipseLogger - Copying 0 resource
2021-02-21 19:10:33,332 [Worker-178: Building workspace] INFO  o.e.m.c.i.embedder.EclipseLogger - The encoding used to copy filtered properties files have not been set. This means that the same encoding will be used to copy filtered properties files as when copying other filtered resources. This might not be what you want! Run your build with --debug to see which files might be affected. Read more at https://maven.apache.org/plugins/maven-resources-plugin/examples/filtering-properties-files.html
2021-02-21 19:10:33,335 [Worker-178: Building workspace] INFO  o.e.m.c.i.embedder.EclipseLogger - Using 'UTF-8' encoding to copy filtered resources.
2021-02-21 19:10:33,335 [Worker-178: Building workspace] INFO  o.e.m.c.i.embedder.EclipseLogger - Using 'UTF-8' encoding to copy filtered properties files.
2021-02-21 19:10:33,335 [Worker-178: Building workspace] INFO  o.e.m.c.i.embedder.EclipseLogger - skip non existing resourceDirectory C:\Users\modhv\Desktop\Accolite\SAU-2021-Feb-Batch-1\5_NoSQL_morning\spring-boot-couchbase-assignment\spring-boot-couchbase-example\src\test\resources
2021-02-21 19:10:40,524 [Worker-175: Building workspace] INFO  o.e.m.c.i.embedder.EclipseLogger - Using 'UTF-8' encoding to copy filtered resources.
2021-02-21 19:10:40,524 [Worker-175: Building workspace] INFO  o.e.m.c.i.embedder.EclipseLogger - Using 'UTF-8' encoding to copy filtered properties files.
2021-02-21 19:10:40,525 [Worker-175: Building workspace] INFO  o.e.m.c.i.embedder.EclipseLogger - Copying 1 resource
2021-02-21 19:10:40,553 [Worker-175: Building workspace] INFO  o.e.m.c.i.embedder.EclipseLogger - Copying 0 resource
2021-02-21 19:10:40,553 [Worker-175: Building workspace] INFO  o.e.m.c.i.embedder.EclipseLogger - The encoding used to copy filtered properties files have not been set. This means that the same encoding will be used to copy filtered properties files as when copying other filtered resources. This might not be what you want! Run your build with --debug to see which files might be affected. Read more at https://maven.apache.org/plugins/maven-resources-plugin/examples/filtering-properties-files.html
2021-02-21 19:10:40,562 [Worker-175: Building workspace] INFO  o.e.m.c.i.embedder.EclipseLogger - Using 'UTF-8' encoding to copy filtered resources.
2021-02-21 19:10:40,562 [Worker-175: Building workspace] INFO  o.e.m.c.i.embedder.EclipseLogger - Using 'UTF-8' encoding to copy filtered properties files.
2021-02-21 19:10:40,563 [Worker-175: Building workspace] INFO  o.e.m.c.i.embedder.EclipseLogger - skip non existing resourceDirectory C:\Users\modhv\Desktop\Accolite\SAU-2021-Feb-Batch-1\5_NoSQL_morning\spring-boot-couchbase-assignment\spring-boot-couchbase-example\src\test\resources
2021-02-21 19:10:46,957 [Worker-175: Building workspace] INFO  o.e.m.c.i.embedder.EclipseLogger - Using 'UTF-8' encoding to copy filtered resources.
2021-02-21 19:10:46,957 [Worker-175: Building workspace] INFO  o.e.m.c.i.embedder.EclipseLogger - Using 'UTF-8' encoding to copy filtered properties files.
2021-02-21 19:10:46,958 [Worker-175: Building workspace] INFO  o.e.m.c.i.embedder.EclipseLogger - Copying 1 resource
2021-02-21 19:10:46,965 [Worker-175: Building workspace] INFO  o.e.m.c.i.embedder.EclipseLogger - Copying 0 resource
2021-02-21 19:10:46,965 [Worker-175: Building workspace] INFO  o.e.m.c.i.embedder.EclipseLogger - The encoding used to copy filtered properties files have not been set. This means that the same encoding will be used to copy filtered properties files as when copying other filtered resources. This might not be what you want! Run your build with --debug to see which files might be affected. Read more at https://maven.apache.org/plugins/maven-resources-plugin/examples/filtering-properties-files.html
2021-02-21 19:10:46,967 [Worker-175: Building workspace] INFO  o.e.m.c.i.embedder.EclipseLogger - Using 'UTF-8' encoding to copy filtered resources.
2021-02-21 19:10:46,967 [Worker-175: Building workspace] INFO  o.e.m.c.i.embedder.EclipseLogger - Using 'UTF-8' encoding to copy filtered properties files.
2021-02-21 19:10:46,967 [Worker-175: Building workspace] INFO  o.e.m.c.i.embedder.EclipseLogger - skip non existing resourceDirectory C:\Users\modhv\Desktop\Accolite\SAU-2021-Feb-Batch-1\5_NoSQL_morning\spring-boot-couchbase-assignment\spring-boot-couchbase-example\src\test\resources
2021-02-21 19:10:51,039 [Worker-180: Building workspace] INFO  o.e.m.c.i.embedder.EclipseLogger - Using 'UTF-8' encoding to copy filtered resources.
2021-02-21 19:10:51,039 [Worker-180: Building workspace] INFO  o.e.m.c.i.embedder.EclipseLogger - Using 'UTF-8' encoding to copy filtered properties files.
2021-02-21 19:10:51,040 [Worker-180: Building workspace] INFO  o.e.m.c.i.embedder.EclipseLogger - Copying 1 resource
2021-02-21 19:10:51,048 [Worker-180: Building workspace] INFO  o.e.m.c.i.embedder.EclipseLogger - Copying 0 resource
2021-02-21 19:10:51,048 [Worker-180: Building workspace] INFO  o.e.m.c.i.embedder.EclipseLogger - The encoding used to copy filtered properties files have not been set. This means that the same encoding will be used to copy filtered properties files as when copying other filtered resources. This might not be what you want! Run your build with --debug to see which files might be affected. Read more at https://maven.apache.org/plugins/maven-resources-plugin/examples/filtering-properties-files.html
2021-02-21 19:10:51,051 [Worker-180: Building workspace] INFO  o.e.m.c.i.embedder.EclipseLogger - Using 'UTF-8' encoding to copy filtered resources.
2021-02-21 19:10:51,051 [Worker-180: Building workspace] INFO  o.e.m.c.i.embedder.EclipseLogger - Using 'UTF-8' encoding to copy filtered properties files.
2021-02-21 19:10:51,051 [Worker-180: Building workspace] INFO  o.e.m.c.i.embedder.EclipseLogger - skip non existing resourceDirectory C:\Users\modhv\Desktop\Accolite\SAU-2021-Feb-Batch-1\5_NoSQL_morning\spring-boot-couchbase-assignment\spring-boot-couchbase-example\src\test\resources
2021-02-21 19:10:55,682 [Worker-180: Building workspace] INFO  o.e.m.c.i.embedder.EclipseLogger - Using 'UTF-8' encoding to copy filtered resources.
2021-02-21 19:10:55,683 [Worker-180: Building workspace] INFO  o.e.m.c.i.embedder.EclipseLogger - Using 'UTF-8' encoding to copy filtered properties files.
2021-02-21 19:10:55,684 [Worker-180: Building workspace] INFO  o.e.m.c.i.embedder.EclipseLogger - Copying 1 resource
2021-02-21 19:10:55,695 [Worker-180: Building workspace] INFO  o.e.m.c.i.embedder.EclipseLogger - Copying 0 resource
2021-02-21 19:10:55,696 [Worker-180: Building workspace] INFO  o.e.m.c.i.embedder.EclipseLogger - The encoding used to copy filtered properties files have not been set. This means that the same encoding will be used to copy filtered properties files as when copying other filtered resources. This might not be what you want! Run your build with --debug to see which files might be affected. Read more at https://maven.apache.org/plugins/maven-resources-plugin/examples/filtering-properties-files.html
2021-02-21 19:10:55,698 [Worker-180: Building workspace] INFO  o.e.m.c.i.embedder.EclipseLogger - Using 'UTF-8' encoding to copy filtered resources.
2021-02-21 19:10:55,699 [Worker-180: Building workspace] INFO  o.e.m.c.i.embedder.EclipseLogger - Using 'UTF-8' encoding to copy filtered properties files.
2021-02-21 19:10:55,699 [Worker-180: Building workspace] INFO  o.e.m.c.i.embedder.EclipseLogger - skip non existing resourceDirectory C:\Users\modhv\Desktop\Accolite\SAU-2021-Feb-Batch-1\5_NoSQL_morning\spring-boot-couchbase-assignment\spring-boot-couchbase-example\src\test\resources
2021-02-21 19:10:59,423 [Worker-175: Building workspace] INFO  o.e.m.c.i.embedder.EclipseLogger - Using 'UTF-8' encoding to copy filtered resources.
2021-02-21 19:10:59,423 [Worker-175: Building workspace] INFO  o.e.m.c.i.embedder.EclipseLogger - Using 'UTF-8' encoding to copy filtered properties files.
2021-02-21 19:10:59,424 [Worker-175: Building workspace] INFO  o.e.m.c.i.embedder.EclipseLogger - Copying 1 resource
2021-02-21 19:10:59,454 [Worker-175: Building workspace] INFO  o.e.m.c.i.embedder.EclipseLogger - Copying 0 resource
2021-02-21 19:10:59,454 [Worker-175: Building workspace] INFO  o.e.m.c.i.embedder.EclipseLogger - The encoding used to copy filtered properties files have not been set. This means that the same encoding will be used to copy filtered properties files as when copying other filtered resources. This might not be what you want! Run your build with --debug to see which files might be affected. Read more at https://maven.apache.org/plugins/maven-resources-plugin/examples/filtering-properties-files.html
2021-02-21 19:10:59,458 [Worker-175: Building workspace] INFO  o.e.m.c.i.embedder.EclipseLogger - Using 'UTF-8' encoding to copy filtered resources.
2021-02-21 19:10:59,458 [Worker-175: Building workspace] INFO  o.e.m.c.i.embedder.EclipseLogger - Using 'UTF-8' encoding to copy filtered properties files.
2021-02-21 19:10:59,459 [Worker-175: Building workspace] INFO  o.e.m.c.i.embedder.EclipseLogger - skip non existing resourceDirectory C:\Users\modhv\Desktop\Accolite\SAU-2021-Feb-Batch-1\5_NoSQL_morning\spring-boot-couchbase-assignment\spring-boot-couchbase-example\src\test\resources
2021-02-21 19:11:03,020 [Worker-175: Building workspace] INFO  o.e.m.c.i.embedder.EclipseLogger - Using 'UTF-8' encoding to copy filtered resources.
2021-02-21 19:11:03,021 [Worker-175: Building workspace] INFO  o.e.m.c.i.embedder.EclipseLogger - Using 'UTF-8' encoding to copy filtered properties files.
2021-02-21 19:11:03,021 [Worker-175: Building workspace] INFO  o.e.m.c.i.embedder.EclipseLogger - Copying 1 resource
2021-02-21 19:11:03,045 [Worker-175: Building workspace] INFO  o.e.m.c.i.embedder.EclipseLogger - Copying 0 resource
2021-02-21 19:11:03,046 [Worker-175: Building workspace] INFO  o.e.m.c.i.embedder.EclipseLogger - The encoding used to copy filtered properties files have not been set. This means that the same encoding will be used to copy filtered properties files as when copying other filtered resources. This might not be what you want! Run your build with --debug to see which files might be affected. Read more at https://maven.apache.org/plugins/maven-resources-plugin/examples/filtering-properties-files.html
2021-02-21 19:11:03,050 [Worker-175: Building workspace] INFO  o.e.m.c.i.embedder.EclipseLogger - Using 'UTF-8' encoding to copy filtered resources.
2021-02-21 19:11:03,050 [Worker-175: Building workspace] INFO  o.e.m.c.i.embedder.EclipseLogger - Using 'UTF-8' encoding to copy filtered properties files.
2021-02-21 19:11:03,051 [Worker-175: Building workspace] INFO  o.e.m.c.i.embedder.EclipseLogger - skip non existing resourceDirectory C:\Users\modhv\Desktop\Accolite\SAU-2021-Feb-Batch-1\5_NoSQL_morning\spring-boot-couchbase-assignment\spring-boot-couchbase-example\src\test\resources
2021-02-21 19:11:06,613 [Worker-180: Building workspace] INFO  o.e.m.c.i.embedder.EclipseLogger - Using 'UTF-8' encoding to copy filtered resources.
2021-02-21 19:11:06,613 [Worker-180: Building workspace] INFO  o.e.m.c.i.embedder.EclipseLogger - Using 'UTF-8' encoding to copy filtered properties files.
2021-02-21 19:11:06,614 [Worker-180: Building workspace] INFO  o.e.m.c.i.embedder.EclipseLogger - Copying 1 resource
2021-02-21 19:11:06,636 [Worker-180: Building workspace] INFO  o.e.m.c.i.embedder.EclipseLogger - Copying 0 resource
2021-02-21 19:11:06,636 [Worker-180: Building workspace] INFO  o.e.m.c.i.embedder.EclipseLogger - The encoding used to copy filtered properties files have not been set. This means that the same encoding will be used to copy filtered properties files as when copying other filtered resources. This might not be what you want! Run your build with --debug to see which files might be affected. Read more at https://maven.apache.org/plugins/maven-resources-plugin/examples/filtering-properties-files.html
2021-02-21 19:11:06,639 [Worker-180: Building workspace] INFO  o.e.m.c.i.embedder.EclipseLogger - Using 'UTF-8' encoding to copy filtered resources.
2021-02-21 19:11:06,639 [Worker-180: Building workspace] INFO  o.e.m.c.i.embedder.EclipseLogger - Using 'UTF-8' encoding to copy filtered properties files.
2021-02-21 19:11:06,639 [Worker-180: Building workspace] INFO  o.e.m.c.i.embedder.EclipseLogger - skip non existing resourceDirectory C:\Users\modhv\Desktop\Accolite\SAU-2021-Feb-Batch-1\5_NoSQL_morning\spring-boot-couchbase-assignment\spring-boot-couchbase-example\src\test\resources
2021-02-21 19:12:48,708 [Worker-178: Building workspace] INFO  o.e.m.c.i.embedder.EclipseLogger - Using 'UTF-8' encoding to copy filtered resources.
2021-02-21 19:12:48,709 [Worker-178: Building workspace] INFO  o.e.m.c.i.embedder.EclipseLogger - Using 'UTF-8' encoding to copy filtered properties files.
2021-02-21 19:12:48,711 [Worker-178: Building workspace] INFO  o.e.m.c.i.embedder.EclipseLogger - Copying 1 resource
2021-02-21 19:12:48,727 [Worker-178: Building workspace] INFO  o.e.m.c.i.embedder.EclipseLogger - Copying 0 resource
2021-02-21 19:12:48,727 [Worker-178: Building workspace] INFO  o.e.m.c.i.embedder.EclipseLogger - The encoding used to copy filtered properties files have not been set. This means that the same encoding will be used to copy filtered properties files as when copying other filtered resources. This might not be what you want! Run your build with --debug to see which files might be affected. Read more at https://maven.apache.org/plugins/maven-resources-plugin/examples/filtering-properties-files.html
2021-02-21 19:12:48,729 [Worker-178: Building workspace] INFO  o.e.m.c.i.embedder.EclipseLogger - Using 'UTF-8' encoding to copy filtered resources.
2021-02-21 19:12:48,730 [Worker-178: Building workspace] INFO  o.e.m.c.i.embedder.EclipseLogger - Using 'UTF-8' encoding to copy filtered properties files.
2021-02-21 19:12:48,730 [Worker-178: Building workspace] INFO  o.e.m.c.i.embedder.EclipseLogger - skip non existing resourceDirectory C:\Users\modhv\Desktop\Accolite\SAU-2021-Feb-Batch-1\5_NoSQL_morning\spring-boot-couchbase-assignment\spring-boot-couchbase-example\src\test\resources
2021-02-21 19:12:53,384 [Worker-178: Building workspace] INFO  o.e.m.c.i.embedder.EclipseLogger - Using 'UTF-8' encoding to copy filtered resources.
2021-02-21 19:12:53,385 [Worker-178: Building workspace] INFO  o.e.m.c.i.embedder.EclipseLogger - Using 'UTF-8' encoding to copy filtered properties files.
2021-02-21 19:12:53,386 [Worker-178: Building workspace] INFO  o.e.m.c.i.embedder.EclipseLogger - Copying 1 resource
2021-02-21 19:12:53,396 [Worker-178: Building workspace] INFO  o.e.m.c.i.embedder.EclipseLogger - Copying 0 resource
2021-02-21 19:12:53,397 [Worker-178: Building workspace] INFO  o.e.m.c.i.embedder.EclipseLogger - The encoding used to copy filtered properties files have not been set. This means that the same encoding will be used to copy filtered properties files as when copying other filtered resources. This might not be what you want! Run your build with --debug to see which files might be affected. Read more at https://maven.apache.org/plugins/maven-resources-plugin/examples/filtering-properties-files.html
2021-02-21 19:12:53,401 [Worker-178: Building workspace] INFO  o.e.m.c.i.embedder.EclipseLogger - Using 'UTF-8' encoding to copy filtered resources.
2021-02-21 19:12:53,402 [Worker-178: Building workspace] INFO  o.e.m.c.i.embedder.EclipseLogger - Using 'UTF-8' encoding to copy filtered properties files.
2021-02-21 19:12:53,402 [Worker-178: Building workspace] INFO  o.e.m.c.i.embedder.EclipseLogger - skip non existing resourceDirectory C:\Users\modhv\Desktop\Accolite\SAU-2021-Feb-Batch-1\5_NoSQL_morning\spring-boot-couchbase-assignment\spring-boot-couchbase-example\src\test\resources
2021-02-21 19:16:57,232 [Worker-184: Building workspace] INFO  o.e.m.c.i.embedder.EclipseLogger - Using 'UTF-8' encoding to copy filtered resources.
2021-02-21 19:16:57,233 [Worker-184: Building workspace] INFO  o.e.m.c.i.embedder.EclipseLogger - Using 'UTF-8' encoding to copy filtered properties files.
2021-02-21 19:16:57,234 [Worker-184: Building workspace] INFO  o.e.m.c.i.embedder.EclipseLogger - Copying 1 resource
2021-02-21 19:16:57,244 [Worker-184: Building workspace] INFO  o.e.m.c.i.embedder.EclipseLogger - Copying 0 resource
2021-02-21 19:16:57,244 [Worker-184: Building workspace] INFO  o.e.m.c.i.embedder.EclipseLogger - The encoding used to copy filtered properties files have not been set. This means that the same encoding will be used to copy filtered properties files as when copying other filtered resources. This might not be what you want! Run your build with --debug to see which files might be affected. Read more at https://maven.apache.org/plugins/maven-resources-plugin/examples/filtering-properties-files.html
2021-02-21 19:16:57,246 [Worker-184: Building workspace] INFO  o.e.m.c.i.embedder.EclipseLogger - Using 'UTF-8' encoding to copy filtered resources.
2021-02-21 19:16:57,246 [Worker-184: Building workspace] INFO  o.e.m.c.i.embedder.EclipseLogger - Using 'UTF-8' encoding to copy filtered properties files.
2021-02-21 19:16:57,246 [Worker-184: Building workspace] INFO  o.e.m.c.i.embedder.EclipseLogger - skip non existing resourceDirectory C:\Users\modhv\Desktop\Accolite\SAU-2021-Feb-Batch-1\5_NoSQL_morning\spring-boot-couchbase-assignment\spring-boot-couchbase-example\src\test\resources
2021-02-21 19:18:51,789 [Worker-176: Building workspace] INFO  o.e.m.c.i.embedder.EclipseLogger - Using 'UTF-8' encoding to copy filtered resources.
2021-02-21 19:18:51,789 [Worker-176: Building workspace] INFO  o.e.m.c.i.embedder.EclipseLogger - Using 'UTF-8' encoding to copy filtered properties files.
2021-02-21 19:18:51,789 [Worker-176: Building workspace] INFO  o.e.m.c.i.embedder.EclipseLogger - Copying 1 resource
2021-02-21 19:18:51,799 [Worker-176: Building workspace] INFO  o.e.m.c.i.embedder.EclipseLogger - Copying 0 resource
2021-02-21 19:18:51,800 [Worker-176: Building workspace] INFO  o.e.m.c.i.embedder.EclipseLogger - The encoding used to copy filtered properties files have not been set. This means that the same encoding will be used to copy filtered properties files as when copying other filtered resources. This might not be what you want! Run your build with --debug to see which files might be affected. Read more at https://maven.apache.org/plugins/maven-resources-plugin/examples/filtering-properties-files.html
2021-02-21 19:18:51,801 [Worker-176: Building workspace] INFO  o.e.m.c.i.embedder.EclipseLogger - Using 'UTF-8' encoding to copy filtered resources.
2021-02-21 19:18:51,801 [Worker-176: Building workspace] INFO  o.e.m.c.i.embedder.EclipseLogger - Using 'UTF-8' encoding to copy filtered properties files.
2021-02-21 19:18:51,802 [Worker-176: Building workspace] INFO  o.e.m.c.i.embedder.EclipseLogger - skip non existing resourceDirectory C:\Users\modhv\Desktop\Accolite\SAU-2021-Feb-Batch-1\5_NoSQL_morning\spring-boot-couchbase-assignment\spring-boot-couchbase-example\src\test\resources
2021-02-21 19:21:29,549 [Worker-185: Building workspace] INFO  o.e.m.c.i.embedder.EclipseLogger - Using 'UTF-8' encoding to copy filtered resources.
2021-02-21 19:21:29,550 [Worker-185: Building workspace] INFO  o.e.m.c.i.embedder.EclipseLogger - Using 'UTF-8' encoding to copy filtered properties files.
2021-02-21 19:21:29,551 [Worker-185: Building workspace] INFO  o.e.m.c.i.embedder.EclipseLogger - Copying 1 resource
2021-02-21 19:21:29,565 [Worker-185: Building workspace] INFO  o.e.m.c.i.embedder.EclipseLogger - Copying 0 resource
2021-02-21 19:21:29,566 [Worker-185: Building workspace] INFO  o.e.m.c.i.embedder.EclipseLogger - The encoding used to copy filtered properties files have not been set. This means that the same encoding will be used to copy filtered properties files as when copying other filtered resources. This might not be what you want! Run your build with --debug to see which files might be affected. Read more at https://maven.apache.org/plugins/maven-resources-plugin/examples/filtering-properties-files.html
2021-02-21 19:21:29,569 [Worker-185: Building workspace] INFO  o.e.m.c.i.embedder.EclipseLogger - Using 'UTF-8' encoding to copy filtered resources.
2021-02-21 19:21:29,569 [Worker-185: Building workspace] INFO  o.e.m.c.i.embedder.EclipseLogger - Using 'UTF-8' encoding to copy filtered properties files.
2021-02-21 19:21:29,569 [Worker-185: Building workspace] INFO  o.e.m.c.i.embedder.EclipseLogger - skip non existing resourceDirectory C:\Users\modhv\Desktop\Accolite\SAU-2021-Feb-Batch-1\5_NoSQL_morning\spring-boot-couchbase-assignment\spring-boot-couchbase-example\src\test\resources
2021-02-21 19:28:34,699 [Worker-191: Building workspace] INFO  o.e.m.c.i.embedder.EclipseLogger - Using 'UTF-8' encoding to copy filtered resources.
2021-02-21 19:28:34,699 [Worker-191: Building workspace] INFO  o.e.m.c.i.embedder.EclipseLogger - Using 'UTF-8' encoding to copy filtered properties files.
2021-02-21 19:28:34,701 [Worker-191: Building workspace] INFO  o.e.m.c.i.embedder.EclipseLogger - Copying 1 resource
2021-02-21 19:28:34,760 [Worker-191: Building workspace] INFO  o.e.m.c.i.embedder.EclipseLogger - Copying 0 resource
2021-02-21 19:28:34,760 [Worker-191: Building workspace] INFO  o.e.m.c.i.embedder.EclipseLogger - The encoding used to copy filtered properties files have not been set. This means that the same encoding will be used to copy filtered properties files as when copying other filtered resources. This might not be what you want! Run your build with --debug to see which files might be affected. Read more at https://maven.apache.org/plugins/maven-resources-plugin/examples/filtering-properties-files.html
2021-02-21 19:28:34,762 [Worker-191: Building workspace] INFO  o.e.m.c.i.embedder.EclipseLogger - Using 'UTF-8' encoding to copy filtered resources.
2021-02-21 19:28:34,762 [Worker-191: Building workspace] INFO  o.e.m.c.i.embedder.EclipseLogger - Using 'UTF-8' encoding to copy filtered properties files.
2021-02-21 19:28:34,762 [Worker-191: Building workspace] INFO  o.e.m.c.i.embedder.EclipseLogger - skip non existing resourceDirectory C:\Users\modhv\Desktop\Accolite\SAU-2021-Feb-Batch-1\5_NoSQL_morning\spring-boot-couchbase-assignment\spring-boot-couchbase-example\src\test\resources
